2023-07-27 08:17:19.939  INFO 16304 --- [main] c.c.s.SpringbootTest1Application         : Starting SpringbootTest1Application using Java 1.8.0_172 on LAPTOP-OLDO6QSR with PID 16304 (D:\WorkspacesIDEA\svn\springboot-test1\target\classes started by lenovo in D:\WorkspacesIDEA\svn\springboot-test1)
2023-07-27 08:17:19.944  INFO 16304 --- [main] c.c.s.SpringbootTest1Application         : No active profile set, falling back to 1 default profile: "default"
2023-07-27 08:17:20.608  INFO 16304 --- [main] .s.d.r.c.RepositoryConfigurationDelegate : Multiple Spring Data modules found, entering strict repository configuration mode
2023-07-27 08:17:20.611  INFO 16304 --- [main] .s.d.r.c.RepositoryConfigurationDelegate : Bootstrapping Spring Data Redis repositories in DEFAULT mode.
2023-07-27 08:17:20.658  INFO 16304 --- [main] .s.d.r.c.RepositoryConfigurationDelegate : Finished Spring Data repository scanning in 11 ms. Found 0 Redis repository interfaces.
2023-07-27 08:17:21.201  INFO 16304 --- [main] o.s.b.w.embedded.tomcat.TomcatWebServer  : Tomcat initialized with port(s): 8080 (http)
2023-07-27 08:17:21.210  INFO 16304 --- [main] o.apache.catalina.core.StandardService   : Starting service [Tomcat]
2023-07-27 08:17:21.211  INFO 16304 --- [main] org.apache.catalina.core.StandardEngine  : Starting Servlet engine: [Apache Tomcat/9.0.75]
2023-07-27 08:17:21.360  INFO 16304 --- [main] o.a.c.c.C.[Tomcat].[localhost].[/]       : Initializing Spring embedded WebApplicationContext
2023-07-27 08:17:21.360  INFO 16304 --- [main] w.s.c.ServletWebServerApplicationContext : Root WebApplicationContext: initialization completed in 1366 ms
2023-07-27 08:17:21.787  INFO 16304 --- [main] o.s.b.a.w.s.WelcomePageHandlerMapping    : Adding welcome page template: index
2023-07-27 08:17:22.317  INFO 16304 --- [main] o.s.s.web.DefaultSecurityFilterChain     : Will secure any request with [org.springframework.security.web.session.DisableEncodeUrlFilter@351e89fc, org.springframework.security.web.context.request.async.WebAsyncManagerIntegrationFilter@2b682e9, org.springframework.security.web.context.SecurityContextPersistenceFilter@2bdb5e0f, org.springframework.security.web.header.HeaderWriterFilter@5409dfdd, org.springframework.security.web.authentication.logout.LogoutFilter@4e94669c, org.springframework.security.web.authentication.UsernamePasswordAuthenticationFilter@5ed31735, org.springframework.security.web.savedrequest.RequestCacheAwareFilter@2262f0d8, org.springframework.security.web.servletapi.SecurityContextHolderAwareRequestFilter@56e5c8fb, org.springframework.security.web.authentication.rememberme.RememberMeAuthenticationFilter@5a4c98d7, org.springframework.security.web.authentication.AnonymousAuthenticationFilter@15586843, org.springframework.security.web.session.SessionManagementFilter@1c2d63f0, org.springframework.security.web.access.ExceptionTranslationFilter@559d19c, org.springframework.security.web.access.intercept.AuthorizationFilter@12e5d3e1]
2023-07-27 08:17:22.377  INFO 16304 --- [main] o.s.b.w.embedded.tomcat.TomcatWebServer  : Tomcat started on port(s): 8080 (http) with context path ''
2023-07-27 08:17:22.388  INFO 16304 --- [main] c.c.s.SpringbootTest1Application         : Started SpringbootTest1Application in 2.987 seconds (JVM running for 4.028)
2023-07-27 08:17:23.186  INFO 16304 --- [http-nio-8080-exec-1] o.a.c.c.C.[Tomcat].[localhost].[/]       : Initializing Spring DispatcherServlet 'dispatcherServlet'
2023-07-27 08:17:23.186  INFO 16304 --- [http-nio-8080-exec-1] o.s.web.servlet.DispatcherServlet        : Initializing Servlet 'dispatcherServlet'
2023-07-27 08:17:23.187  INFO 16304 --- [http-nio-8080-exec-1] o.s.web.servlet.DispatcherServlet        : Completed initialization in 1 ms
2023-07-27 08:17:23.249  INFO 16304 --- [http-nio-8080-exec-3] c.c.s.controller.UserController          : Someone is logging to the system!!!
2023-07-27 08:17:23.718  INFO 16304 --- [http-nio-8080-exec-8] c.c.s.controller.UserController          : Someone is logging to the system!!!
2023-07-27 08:17:23.728  INFO 16304 --- [http-nio-8080-exec-9] c.c.s.controller.UserController          : Someone is logging to the system!!!
2023-07-27 08:17:23.811  INFO 16304 --- [http-nio-8080-exec-2] c.c.s.controller.UserController          : Someone is logging to the system!!!
2023-07-27 08:19:49.169  INFO 13144 --- [main] c.c.s.SpringbootTest1Application         : Starting SpringbootTest1Application using Java 1.8.0_172 on LAPTOP-OLDO6QSR with PID 13144 (D:\WorkspacesIDEA\svn\springboot-test1\target\classes started by lenovo in D:\WorkspacesIDEA\svn\springboot-test1)
2023-07-27 08:19:49.173  INFO 13144 --- [main] c.c.s.SpringbootTest1Application         : No active profile set, falling back to 1 default profile: "default"
2023-07-27 08:19:49.867  INFO 13144 --- [main] .s.d.r.c.RepositoryConfigurationDelegate : Multiple Spring Data modules found, entering strict repository configuration mode
2023-07-27 08:19:49.869  INFO 13144 --- [main] .s.d.r.c.RepositoryConfigurationDelegate : Bootstrapping Spring Data Redis repositories in DEFAULT mode.
2023-07-27 08:19:49.895  INFO 13144 --- [main] .s.d.r.c.RepositoryConfigurationDelegate : Finished Spring Data repository scanning in 10 ms. Found 0 Redis repository interfaces.
2023-07-27 08:19:50.454  INFO 13144 --- [main] o.s.b.w.embedded.tomcat.TomcatWebServer  : Tomcat initialized with port(s): 8080 (http)
2023-07-27 08:19:50.464  INFO 13144 --- [main] o.apache.catalina.core.StandardService   : Starting service [Tomcat]
2023-07-27 08:19:50.464  INFO 13144 --- [main] org.apache.catalina.core.StandardEngine  : Starting Servlet engine: [Apache Tomcat/9.0.75]
2023-07-27 08:19:50.617  INFO 13144 --- [main] o.a.c.c.C.[Tomcat].[localhost].[/]       : Initializing Spring embedded WebApplicationContext
2023-07-27 08:19:50.617  INFO 13144 --- [main] w.s.c.ServletWebServerApplicationContext : Root WebApplicationContext: initialization completed in 1395 ms
2023-07-27 08:19:51.078  INFO 13144 --- [main] o.s.b.a.w.s.WelcomePageHandlerMapping    : Adding welcome page template: index
2023-07-27 08:19:51.764  INFO 13144 --- [main] o.s.s.web.DefaultSecurityFilterChain     : Will secure any request with [org.springframework.security.web.session.DisableEncodeUrlFilter@4fbb1144, org.springframework.security.web.context.request.async.WebAsyncManagerIntegrationFilter@e2b3026, org.springframework.security.web.context.SecurityContextPersistenceFilter@283a8ad6, org.springframework.security.web.header.HeaderWriterFilter@3a588b5f, org.springframework.security.web.authentication.logout.LogoutFilter@66f2ec1c, org.springframework.security.web.authentication.UsernamePasswordAuthenticationFilter@668a32a4, org.springframework.security.web.savedrequest.RequestCacheAwareFilter@7185e611, org.springframework.security.web.servletapi.SecurityContextHolderAwareRequestFilter@c497a55, org.springframework.security.web.authentication.rememberme.RememberMeAuthenticationFilter@baa227e, org.springframework.security.web.authentication.AnonymousAuthenticationFilter@38bc5ac0, org.springframework.security.web.session.SessionManagementFilter@2bdb5e0f, org.springframework.security.web.access.ExceptionTranslationFilter@1f172892, org.springframework.security.web.access.intercept.AuthorizationFilter@5a4c98d7]
2023-07-27 08:19:51.832  INFO 13144 --- [main] o.s.b.w.embedded.tomcat.TomcatWebServer  : Tomcat started on port(s): 8080 (http) with context path ''
2023-07-27 08:19:51.842  INFO 13144 --- [main] c.c.s.SpringbootTest1Application         : Started SpringbootTest1Application in 3.252 seconds (JVM running for 4.296)
2023-07-27 08:19:52.393  INFO 13144 --- [http-nio-8080-exec-2] o.a.c.c.C.[Tomcat].[localhost].[/]       : Initializing Spring DispatcherServlet 'dispatcherServlet'
2023-07-27 08:19:52.393  INFO 13144 --- [http-nio-8080-exec-2] o.s.web.servlet.DispatcherServlet        : Initializing Servlet 'dispatcherServlet'
2023-07-27 08:19:52.395  INFO 13144 --- [http-nio-8080-exec-2] o.s.web.servlet.DispatcherServlet        : Completed initialization in 1 ms
2023-07-27 08:19:52.493  INFO 13144 --- [http-nio-8080-exec-3] c.c.s.controller.UserController          : Someone is logging to the system!!!
2023-07-27 08:19:52.994  INFO 13144 --- [http-nio-8080-exec-9] c.c.s.controller.UserController          : Someone is logging to the system!!!
2023-07-27 08:19:53.000  INFO 13144 --- [http-nio-8080-exec-8] c.c.s.controller.UserController          : Someone is logging to the system!!!
2023-07-27 08:19:53.070  INFO 13144 --- [http-nio-8080-exec-1] c.c.s.controller.UserController          : Someone is logging to the system!!!
2023-07-27 08:20:03.027  INFO 14156 --- [main] c.c.s.SpringbootTest1Application         : Starting SpringbootTest1Application using Java 1.8.0_172 on LAPTOP-OLDO6QSR with PID 14156 (D:\WorkspacesIDEA\svn\springboot-test1\target\classes started by lenovo in D:\WorkspacesIDEA\svn\springboot-test1)
2023-07-27 08:20:03.030  INFO 14156 --- [main] c.c.s.SpringbootTest1Application         : No active profile set, falling back to 1 default profile: "default"
2023-07-27 08:20:03.724  INFO 14156 --- [main] .s.d.r.c.RepositoryConfigurationDelegate : Multiple Spring Data modules found, entering strict repository configuration mode
2023-07-27 08:20:03.727  INFO 14156 --- [main] .s.d.r.c.RepositoryConfigurationDelegate : Bootstrapping Spring Data Redis repositories in DEFAULT mode.
2023-07-27 08:20:03.755  INFO 14156 --- [main] .s.d.r.c.RepositoryConfigurationDelegate : Finished Spring Data repository scanning in 11 ms. Found 0 Redis repository interfaces.
2023-07-27 08:20:04.329  INFO 14156 --- [main] o.s.b.w.embedded.tomcat.TomcatWebServer  : Tomcat initialized with port(s): 8080 (http)
2023-07-27 08:20:04.340  INFO 14156 --- [main] o.apache.catalina.core.StandardService   : Starting service [Tomcat]
2023-07-27 08:20:04.340  INFO 14156 --- [main] org.apache.catalina.core.StandardEngine  : Starting Servlet engine: [Apache Tomcat/9.0.75]
2023-07-27 08:20:04.494  INFO 14156 --- [main] o.a.c.c.C.[Tomcat].[localhost].[/]       : Initializing Spring embedded WebApplicationContext
2023-07-27 08:20:04.494  INFO 14156 --- [main] w.s.c.ServletWebServerApplicationContext : Root WebApplicationContext: initialization completed in 1420 ms
2023-07-27 08:20:04.950  INFO 14156 --- [main] o.s.b.a.w.s.WelcomePageHandlerMapping    : Adding welcome page template: index
2023-07-27 08:20:05.524  INFO 14156 --- [main] o.s.s.web.DefaultSecurityFilterChain     : Will secure any request with [org.springframework.security.web.session.DisableEncodeUrlFilter@6bd7439d, org.springframework.security.web.context.request.async.WebAsyncManagerIntegrationFilter@628ba266, org.springframework.security.web.context.SecurityContextPersistenceFilter@34f23816, org.springframework.security.web.header.HeaderWriterFilter@1d944fc0, org.springframework.security.web.authentication.logout.LogoutFilter@2d24cdd9, org.springframework.security.web.authentication.UsernamePasswordAuthenticationFilter@e162a35, org.springframework.security.web.savedrequest.RequestCacheAwareFilter@12f9f896, org.springframework.security.web.servletapi.SecurityContextHolderAwareRequestFilter@6b24ddd7, org.springframework.security.web.authentication.rememberme.RememberMeAuthenticationFilter@f849027, org.springframework.security.web.authentication.AnonymousAuthenticationFilter@1231a1be, org.springframework.security.web.session.SessionManagementFilter@1b791dca, org.springframework.security.web.access.ExceptionTranslationFilter@619c3546, org.springframework.security.web.access.intercept.AuthorizationFilter@7fd751de]
2023-07-27 08:20:05.585  INFO 14156 --- [main] o.s.b.w.embedded.tomcat.TomcatWebServer  : Tomcat started on port(s): 8080 (http) with context path ''
2023-07-27 08:20:05.596  INFO 14156 --- [main] c.c.s.SpringbootTest1Application         : Started SpringbootTest1Application in 3.207 seconds (JVM running for 4.415)
2023-07-27 08:20:06.059  INFO 14156 --- [http-nio-8080-exec-2] o.a.c.c.C.[Tomcat].[localhost].[/]       : Initializing Spring DispatcherServlet 'dispatcherServlet'
2023-07-27 08:20:06.060  INFO 14156 --- [http-nio-8080-exec-2] o.s.web.servlet.DispatcherServlet        : Initializing Servlet 'dispatcherServlet'
2023-07-27 08:20:06.061  INFO 14156 --- [http-nio-8080-exec-2] o.s.web.servlet.DispatcherServlet        : Completed initialization in 1 ms
2023-07-27 08:20:06.141  INFO 14156 --- [http-nio-8080-exec-3] c.c.s.controller.UserController          : Someone is logging to the system!!!
2023-07-27 08:20:06.611  INFO 14156 --- [http-nio-8080-exec-7] c.c.s.controller.UserController          : Someone is logging to the system!!!
2023-07-27 08:20:06.616  INFO 14156 --- [http-nio-8080-exec-9] c.c.s.controller.UserController          : Someone is logging to the system!!!
2023-07-27 08:20:06.698  INFO 14156 --- [http-nio-8080-exec-2] c.c.s.controller.UserController          : Someone is logging to the system!!!
2023-07-27 08:20:10.733  INFO 14156 --- [http-nio-8080-exec-4] c.c.s.controller.UserController          : Someone is logging to the system!!!
2023-07-27 08:20:10.736  INFO 14156 --- [http-nio-8080-exec-6] c.c.s.controller.UserController          : Someone is logging to the system!!!
2023-07-27 08:38:09.493  INFO 6916 --- [main] c.c.s.SpringbootTest1Application         : Starting SpringbootTest1Application using Java 1.8.0_172 on LAPTOP-OLDO6QSR with PID 6916 (D:\WorkspacesIDEA\svn\springboot-test1\target\classes started by lenovo in D:\WorkspacesIDEA\svn\springboot-test1)
2023-07-27 08:38:09.496  INFO 6916 --- [main] c.c.s.SpringbootTest1Application         : The following 1 profile is active: "dev"
2023-07-27 08:38:10.164  INFO 6916 --- [main] .s.d.r.c.RepositoryConfigurationDelegate : Multiple Spring Data modules found, entering strict repository configuration mode
2023-07-27 08:38:10.167  INFO 6916 --- [main] .s.d.r.c.RepositoryConfigurationDelegate : Bootstrapping Spring Data Redis repositories in DEFAULT mode.
2023-07-27 08:38:10.193  INFO 6916 --- [main] .s.d.r.c.RepositoryConfigurationDelegate : Finished Spring Data repository scanning in 10 ms. Found 0 Redis repository interfaces.
2023-07-27 08:38:10.759  INFO 6916 --- [main] o.s.b.w.embedded.tomcat.TomcatWebServer  : Tomcat initialized with port(s): 8080 (http)
2023-07-27 08:38:10.768  INFO 6916 --- [main] o.apache.catalina.core.StandardService   : Starting service [Tomcat]
2023-07-27 08:38:10.769  INFO 6916 --- [main] org.apache.catalina.core.StandardEngine  : Starting Servlet engine: [Apache Tomcat/9.0.75]
2023-07-27 08:38:10.922  INFO 6916 --- [main] o.a.c.c.C.[Tomcat].[localhost].[/]       : Initializing Spring embedded WebApplicationContext
2023-07-27 08:38:10.923  INFO 6916 --- [main] w.s.c.ServletWebServerApplicationContext : Root WebApplicationContext: initialization completed in 1381 ms
2023-07-27 08:38:11.018  WARN 6916 --- [main] ConfigServletWebServerApplicationContext : Exception encountered during context initialization - cancelling refresh attempt: org.springframework.beans.factory.BeanCreationException: Error creating bean with name 'securityConfiguration': Injection of resource dependencies failed; nested exception is org.springframework.beans.factory.BeanCreationException: Error creating bean with name 'userAuthService': Injection of resource dependencies failed; nested exception is org.springframework.beans.factory.BeanCreationException: Error creating bean with name 'userMapper' defined in file [D:\WorkspacesIDEA\svn\springboot-test1\target\classes\com\cern\springboottest1\mapper\UserMapper.class]: Cannot resolve reference to bean 'sqlSessionTemplate' while setting bean property 'sqlSessionTemplate'; nested exception is org.springframework.beans.factory.UnsatisfiedDependencyException: Error creating bean with name 'dataSourceScriptDatabaseInitializer' defined in class path resource [org/springframework/boot/autoconfigure/sql/init/DataSourceInitializationConfiguration.class]: Unsatisfied dependency expressed through method 'dataSourceScriptDatabaseInitializer' parameter 0; nested exception is org.springframework.beans.factory.BeanCreationException: Error creating bean with name 'dataSource' defined in class path resource [org/springframework/boot/autoconfigure/jdbc/DataSourceConfiguration$Hikari.class]: Bean instantiation via factory method failed; nested exception is org.springframework.beans.BeanInstantiationException: Failed to instantiate [com.zaxxer.hikari.HikariDataSource]: Factory method 'dataSource' threw exception; nested exception is org.springframework.boot.autoconfigure.jdbc.DataSourceProperties$DataSourceBeanCreationException: Failed to determine a suitable driver class
2023-07-27 08:38:11.021  INFO 6916 --- [main] o.apache.catalina.core.StandardService   : Stopping service [Tomcat]
2023-07-27 08:38:11.037  INFO 6916 --- [main] ConditionEvaluationReportLoggingListener : 

Error starting ApplicationContext. To display the conditions report re-run your application with 'debug' enabled.
2023-07-27 08:38:11.065 ERROR 6916 --- [main] o.s.b.d.LoggingFailureAnalysisReporter   : 

***************************
APPLICATION FAILED TO START
***************************

Description:

Failed to configure a DataSource: 'url' attribute is not specified and no embedded datasource could be configured.

Reason: Failed to determine a suitable driver class


Action:

Consider the following:
	If you want an embedded database (H2, HSQL or Derby), please put it on the classpath.
	If you have database settings to be loaded from a particular profile you may need to activate it (the profiles dev are currently active).

2023-07-27 08:40:44.195  INFO 2292 --- [main] c.c.s.SpringbootTest1Application         : Starting SpringbootTest1Application using Java 1.8.0_172 on LAPTOP-OLDO6QSR with PID 2292 (D:\WorkspacesIDEA\svn\springboot-test1\target\classes started by lenovo in D:\WorkspacesIDEA\svn\springboot-test1)
2023-07-27 08:40:44.198  INFO 2292 --- [main] c.c.s.SpringbootTest1Application         : The following 1 profile is active: "dev"
2023-07-27 08:40:44.833  INFO 2292 --- [main] .s.d.r.c.RepositoryConfigurationDelegate : Multiple Spring Data modules found, entering strict repository configuration mode
2023-07-27 08:40:44.835  INFO 2292 --- [main] .s.d.r.c.RepositoryConfigurationDelegate : Bootstrapping Spring Data Redis repositories in DEFAULT mode.
2023-07-27 08:40:44.859  INFO 2292 --- [main] .s.d.r.c.RepositoryConfigurationDelegate : Finished Spring Data repository scanning in 9 ms. Found 0 Redis repository interfaces.
2023-07-27 08:40:45.392  INFO 2292 --- [main] o.s.b.w.embedded.tomcat.TomcatWebServer  : Tomcat initialized with port(s): 8080 (http)
2023-07-27 08:40:45.401  INFO 2292 --- [main] o.apache.catalina.core.StandardService   : Starting service [Tomcat]
2023-07-27 08:40:45.401  INFO 2292 --- [main] org.apache.catalina.core.StandardEngine  : Starting Servlet engine: [Apache Tomcat/9.0.75]
2023-07-27 08:40:45.547  INFO 2292 --- [main] o.a.c.c.C.[Tomcat].[localhost].[/]       : Initializing Spring embedded WebApplicationContext
2023-07-27 08:40:45.548  INFO 2292 --- [main] w.s.c.ServletWebServerApplicationContext : Root WebApplicationContext: initialization completed in 1308 ms
2023-07-27 08:40:45.633  WARN 2292 --- [main] ConfigServletWebServerApplicationContext : Exception encountered during context initialization - cancelling refresh attempt: org.springframework.beans.factory.BeanCreationException: Error creating bean with name 'securityConfiguration': Injection of resource dependencies failed; nested exception is org.springframework.beans.factory.BeanCreationException: Error creating bean with name 'userAuthService': Injection of resource dependencies failed; nested exception is org.springframework.beans.factory.BeanCreationException: Error creating bean with name 'userMapper' defined in file [D:\WorkspacesIDEA\svn\springboot-test1\target\classes\com\cern\springboottest1\mapper\UserMapper.class]: Cannot resolve reference to bean 'sqlSessionTemplate' while setting bean property 'sqlSessionTemplate'; nested exception is org.springframework.beans.factory.UnsatisfiedDependencyException: Error creating bean with name 'dataSourceScriptDatabaseInitializer' defined in class path resource [org/springframework/boot/autoconfigure/sql/init/DataSourceInitializationConfiguration.class]: Unsatisfied dependency expressed through method 'dataSourceScriptDatabaseInitializer' parameter 0; nested exception is org.springframework.beans.factory.BeanCreationException: Error creating bean with name 'dataSource' defined in class path resource [org/springframework/boot/autoconfigure/jdbc/DataSourceConfiguration$Hikari.class]: Bean instantiation via factory method failed; nested exception is org.springframework.beans.BeanInstantiationException: Failed to instantiate [com.zaxxer.hikari.HikariDataSource]: Factory method 'dataSource' threw exception; nested exception is org.springframework.boot.autoconfigure.jdbc.DataSourceProperties$DataSourceBeanCreationException: Failed to determine a suitable driver class
2023-07-27 08:40:45.636  INFO 2292 --- [main] o.apache.catalina.core.StandardService   : Stopping service [Tomcat]
2023-07-27 08:40:45.651  INFO 2292 --- [main] ConditionEvaluationReportLoggingListener : 

Error starting ApplicationContext. To display the conditions report re-run your application with 'debug' enabled.
2023-07-27 08:40:45.675 ERROR 2292 --- [main] o.s.b.d.LoggingFailureAnalysisReporter   : 

***************************
APPLICATION FAILED TO START
***************************

Description:

Failed to configure a DataSource: 'url' attribute is not specified and no embedded datasource could be configured.

Reason: Failed to determine a suitable driver class


Action:

Consider the following:
	If you want an embedded database (H2, HSQL or Derby), please put it on the classpath.
	If you have database settings to be loaded from a particular profile you may need to activate it (the profiles dev are currently active).

2023-07-27 08:43:10.351  INFO 13732 --- [main] c.c.s.SpringbootTest1Application         : Starting SpringbootTest1Application using Java 1.8.0_172 on LAPTOP-OLDO6QSR with PID 13732 (D:\WorkspacesIDEA\svn\springboot-test1\target\classes started by lenovo in D:\WorkspacesIDEA\svn\springboot-test1)
2023-07-27 08:43:10.354  INFO 13732 --- [main] c.c.s.SpringbootTest1Application         : The following 1 profile is active: "dev"
2023-07-27 08:43:10.968  INFO 13732 --- [main] .s.d.r.c.RepositoryConfigurationDelegate : Multiple Spring Data modules found, entering strict repository configuration mode
2023-07-27 08:43:10.970  INFO 13732 --- [main] .s.d.r.c.RepositoryConfigurationDelegate : Bootstrapping Spring Data Redis repositories in DEFAULT mode.
2023-07-27 08:43:10.995  INFO 13732 --- [main] .s.d.r.c.RepositoryConfigurationDelegate : Finished Spring Data repository scanning in 9 ms. Found 0 Redis repository interfaces.
2023-07-27 08:43:11.511  INFO 13732 --- [main] o.s.b.w.embedded.tomcat.TomcatWebServer  : Tomcat initialized with port(s): 8080 (http)
2023-07-27 08:43:11.520  INFO 13732 --- [main] o.apache.catalina.core.StandardService   : Starting service [Tomcat]
2023-07-27 08:43:11.520  INFO 13732 --- [main] org.apache.catalina.core.StandardEngine  : Starting Servlet engine: [Apache Tomcat/9.0.75]
2023-07-27 08:43:11.663  INFO 13732 --- [main] o.a.c.c.C.[Tomcat].[localhost].[/]       : Initializing Spring embedded WebApplicationContext
2023-07-27 08:43:11.663  INFO 13732 --- [main] w.s.c.ServletWebServerApplicationContext : Root WebApplicationContext: initialization completed in 1268 ms
2023-07-27 08:43:11.748  WARN 13732 --- [main] ConfigServletWebServerApplicationContext : Exception encountered during context initialization - cancelling refresh attempt: org.springframework.beans.factory.BeanCreationException: Error creating bean with name 'securityConfiguration': Injection of resource dependencies failed; nested exception is org.springframework.beans.factory.BeanCreationException: Error creating bean with name 'userAuthService': Injection of resource dependencies failed; nested exception is org.springframework.beans.factory.BeanCreationException: Error creating bean with name 'userMapper' defined in file [D:\WorkspacesIDEA\svn\springboot-test1\target\classes\com\cern\springboottest1\mapper\UserMapper.class]: Cannot resolve reference to bean 'sqlSessionTemplate' while setting bean property 'sqlSessionTemplate'; nested exception is org.springframework.beans.factory.UnsatisfiedDependencyException: Error creating bean with name 'dataSourceScriptDatabaseInitializer' defined in class path resource [org/springframework/boot/autoconfigure/sql/init/DataSourceInitializationConfiguration.class]: Unsatisfied dependency expressed through method 'dataSourceScriptDatabaseInitializer' parameter 0; nested exception is org.springframework.beans.factory.BeanCreationException: Error creating bean with name 'dataSource' defined in class path resource [org/springframework/boot/autoconfigure/jdbc/DataSourceConfiguration$Hikari.class]: Bean instantiation via factory method failed; nested exception is org.springframework.beans.BeanInstantiationException: Failed to instantiate [com.zaxxer.hikari.HikariDataSource]: Factory method 'dataSource' threw exception; nested exception is org.springframework.boot.autoconfigure.jdbc.DataSourceProperties$DataSourceBeanCreationException: Failed to determine a suitable driver class
2023-07-27 08:43:11.751  INFO 13732 --- [main] o.apache.catalina.core.StandardService   : Stopping service [Tomcat]
2023-07-27 08:43:11.765  INFO 13732 --- [main] ConditionEvaluationReportLoggingListener : 

Error starting ApplicationContext. To display the conditions report re-run your application with 'debug' enabled.
2023-07-27 08:43:11.789 ERROR 13732 --- [main] o.s.b.d.LoggingFailureAnalysisReporter   : 

***************************
APPLICATION FAILED TO START
***************************

Description:

Failed to configure a DataSource: 'url' attribute is not specified and no embedded datasource could be configured.

Reason: Failed to determine a suitable driver class


Action:

Consider the following:
	If you want an embedded database (H2, HSQL or Derby), please put it on the classpath.
	If you have database settings to be loaded from a particular profile you may need to activate it (the profiles dev are currently active).

2023-07-27 08:48:53.857  INFO 12308 --- [main] c.c.s.SpringbootTest1Application         : Starting SpringbootTest1Application using Java 1.8.0_172 on LAPTOP-OLDO6QSR with PID 12308 (D:\WorkspacesIDEA\svn\springboot-test1\target\classes started by lenovo in D:\WorkspacesIDEA\svn\springboot-test1)
2023-07-27 08:48:53.860  INFO 12308 --- [main] c.c.s.SpringbootTest1Application         : The following 1 profile is active: "dev"
2023-07-27 08:48:54.514  INFO 12308 --- [main] .s.d.r.c.RepositoryConfigurationDelegate : Multiple Spring Data modules found, entering strict repository configuration mode
2023-07-27 08:48:54.516  INFO 12308 --- [main] .s.d.r.c.RepositoryConfigurationDelegate : Bootstrapping Spring Data Redis repositories in DEFAULT mode.
2023-07-27 08:48:54.542  INFO 12308 --- [main] .s.d.r.c.RepositoryConfigurationDelegate : Finished Spring Data repository scanning in 10 ms. Found 0 Redis repository interfaces.
2023-07-27 08:48:55.086  INFO 12308 --- [main] o.s.b.w.embedded.tomcat.TomcatWebServer  : Tomcat initialized with port(s): 8080 (http)
2023-07-27 08:48:55.095  INFO 12308 --- [main] o.apache.catalina.core.StandardService   : Starting service [Tomcat]
2023-07-27 08:48:55.095  INFO 12308 --- [main] org.apache.catalina.core.StandardEngine  : Starting Servlet engine: [Apache Tomcat/9.0.75]
2023-07-27 08:48:55.247  INFO 12308 --- [main] o.a.c.c.C.[Tomcat].[localhost].[/]       : Initializing Spring embedded WebApplicationContext
2023-07-27 08:48:55.248  INFO 12308 --- [main] w.s.c.ServletWebServerApplicationContext : Root WebApplicationContext: initialization completed in 1345 ms
2023-07-27 08:48:55.339  WARN 12308 --- [main] ConfigServletWebServerApplicationContext : Exception encountered during context initialization - cancelling refresh attempt: org.springframework.beans.factory.BeanCreationException: Error creating bean with name 'securityConfiguration': Injection of resource dependencies failed; nested exception is org.springframework.beans.factory.BeanCreationException: Error creating bean with name 'userAuthService': Injection of resource dependencies failed; nested exception is org.springframework.beans.factory.BeanCreationException: Error creating bean with name 'userMapper' defined in file [D:\WorkspacesIDEA\svn\springboot-test1\target\classes\com\cern\springboottest1\mapper\UserMapper.class]: Cannot resolve reference to bean 'sqlSessionTemplate' while setting bean property 'sqlSessionTemplate'; nested exception is org.springframework.beans.factory.UnsatisfiedDependencyException: Error creating bean with name 'dataSourceScriptDatabaseInitializer' defined in class path resource [org/springframework/boot/autoconfigure/sql/init/DataSourceInitializationConfiguration.class]: Unsatisfied dependency expressed through method 'dataSourceScriptDatabaseInitializer' parameter 0; nested exception is org.springframework.beans.factory.BeanCreationException: Error creating bean with name 'dataSource' defined in class path resource [org/springframework/boot/autoconfigure/jdbc/DataSourceConfiguration$Hikari.class]: Bean instantiation via factory method failed; nested exception is org.springframework.beans.BeanInstantiationException: Failed to instantiate [com.zaxxer.hikari.HikariDataSource]: Factory method 'dataSource' threw exception; nested exception is org.springframework.boot.autoconfigure.jdbc.DataSourceProperties$DataSourceBeanCreationException: Failed to determine a suitable driver class
2023-07-27 08:48:55.342  INFO 12308 --- [main] o.apache.catalina.core.StandardService   : Stopping service [Tomcat]
2023-07-27 08:48:55.357  INFO 12308 --- [main] ConditionEvaluationReportLoggingListener : 

Error starting ApplicationContext. To display the conditions report re-run your application with 'debug' enabled.
2023-07-27 08:48:55.383 ERROR 12308 --- [main] o.s.b.d.LoggingFailureAnalysisReporter   : 

***************************
APPLICATION FAILED TO START
***************************

Description:

Failed to configure a DataSource: 'url' attribute is not specified and no embedded datasource could be configured.

Reason: Failed to determine a suitable driver class


Action:

Consider the following:
	If you want an embedded database (H2, HSQL or Derby), please put it on the classpath.
	If you have database settings to be loaded from a particular profile you may need to activate it (the profiles dev are currently active).

2023-07-27 08:49:37.739  INFO 15928 --- [main] c.c.s.SpringbootTest1Application         : Starting SpringbootTest1Application using Java 1.8.0_172 on LAPTOP-OLDO6QSR with PID 15928 (D:\WorkspacesIDEA\svn\springboot-test1\target\classes started by lenovo in D:\WorkspacesIDEA\svn\springboot-test1)
2023-07-27 08:49:37.742  INFO 15928 --- [main] c.c.s.SpringbootTest1Application         : The following 1 profile is active: "prod"
2023-07-27 08:49:38.408  INFO 15928 --- [main] .s.d.r.c.RepositoryConfigurationDelegate : Multiple Spring Data modules found, entering strict repository configuration mode
2023-07-27 08:49:38.410  INFO 15928 --- [main] .s.d.r.c.RepositoryConfigurationDelegate : Bootstrapping Spring Data Redis repositories in DEFAULT mode.
2023-07-27 08:49:38.436  INFO 15928 --- [main] .s.d.r.c.RepositoryConfigurationDelegate : Finished Spring Data repository scanning in 10 ms. Found 0 Redis repository interfaces.
2023-07-27 08:49:38.990  INFO 15928 --- [main] o.s.b.w.embedded.tomcat.TomcatWebServer  : Tomcat initialized with port(s): 80 (http)
2023-07-27 08:49:38.999  INFO 15928 --- [main] o.apache.catalina.core.StandardService   : Starting service [Tomcat]
2023-07-27 08:49:38.999  INFO 15928 --- [main] org.apache.catalina.core.StandardEngine  : Starting Servlet engine: [Apache Tomcat/9.0.75]
2023-07-27 08:49:39.150  INFO 15928 --- [main] o.a.c.c.C.[Tomcat].[localhost].[/]       : Initializing Spring embedded WebApplicationContext
2023-07-27 08:49:39.150  INFO 15928 --- [main] w.s.c.ServletWebServerApplicationContext : Root WebApplicationContext: initialization completed in 1360 ms
2023-07-27 08:49:39.597  INFO 15928 --- [main] o.s.b.a.w.s.WelcomePageHandlerMapping    : Adding welcome page template: index
2023-07-27 08:49:40.156  INFO 15928 --- [main] o.s.s.web.DefaultSecurityFilterChain     : Will secure any request with [org.springframework.security.web.session.DisableEncodeUrlFilter@9c0d0bd, org.springframework.security.web.context.request.async.WebAsyncManagerIntegrationFilter@176333ee, org.springframework.security.web.context.SecurityContextPersistenceFilter@30dd00b6, org.springframework.security.web.header.HeaderWriterFilter@2969a9a6, org.springframework.security.web.authentication.logout.LogoutFilter@5c5f0edc, org.springframework.security.web.authentication.UsernamePasswordAuthenticationFilter@790654d5, org.springframework.security.web.savedrequest.RequestCacheAwareFilter@2c16677c, org.springframework.security.web.servletapi.SecurityContextHolderAwareRequestFilter@628ba266, org.springframework.security.web.authentication.rememberme.RememberMeAuthenticationFilter@3321291a, org.springframework.security.web.authentication.AnonymousAuthenticationFilter@18e6b72b, org.springframework.security.web.session.SessionManagementFilter@6182ffef, org.springframework.security.web.access.ExceptionTranslationFilter@6a51ae7c, org.springframework.security.web.access.intercept.AuthorizationFilter@ff03361]
2023-07-27 08:49:40.214  INFO 15928 --- [main] o.s.b.w.embedded.tomcat.TomcatWebServer  : Tomcat started on port(s): 80 (http) with context path ''
2023-07-27 08:49:40.225  INFO 15928 --- [main] c.c.s.SpringbootTest1Application         : Started SpringbootTest1Application in 3.055 seconds (JVM running for 4.032)
2023-07-27 08:49:59.444  INFO 15928 --- [http-nio-80-exec-1] o.a.c.c.C.[Tomcat].[localhost].[/]       : Initializing Spring DispatcherServlet 'dispatcherServlet'
2023-07-27 08:49:59.444  INFO 15928 --- [http-nio-80-exec-1] o.s.web.servlet.DispatcherServlet        : Initializing Servlet 'dispatcherServlet'
2023-07-27 08:49:59.446  INFO 15928 --- [http-nio-80-exec-1] o.s.web.servlet.DispatcherServlet        : Completed initialization in 1 ms
2023-07-27 08:49:59.497  INFO 15928 --- [http-nio-80-exec-1] c.c.s.controller.UserController          : Someone is logging to the system!!!
2023-07-27 08:50:00.055  INFO 15928 --- [http-nio-80-exec-6] c.c.s.controller.UserController          : Someone is logging to the system!!!
2023-07-27 08:50:00.059  INFO 15928 --- [http-nio-80-exec-5] c.c.s.controller.UserController          : Someone is logging to the system!!!
2023-07-27 08:50:00.147  INFO 15928 --- [http-nio-80-exec-8] c.c.s.controller.UserController          : Someone is logging to the system!!!
2023-07-27 08:50:12.531  INFO 2740 --- [main] c.c.s.SpringbootTest1Application         : Starting SpringbootTest1Application using Java 1.8.0_172 on LAPTOP-OLDO6QSR with PID 2740 (D:\WorkspacesIDEA\svn\springboot-test1\target\classes started by lenovo in D:\WorkspacesIDEA\svn\springboot-test1)
2023-07-27 08:50:12.534  INFO 2740 --- [main] c.c.s.SpringbootTest1Application         : The following 1 profile is active: "dev"
2023-07-27 08:50:13.211  INFO 2740 --- [main] .s.d.r.c.RepositoryConfigurationDelegate : Multiple Spring Data modules found, entering strict repository configuration mode
2023-07-27 08:50:13.213  INFO 2740 --- [main] .s.d.r.c.RepositoryConfigurationDelegate : Bootstrapping Spring Data Redis repositories in DEFAULT mode.
2023-07-27 08:50:13.239  INFO 2740 --- [main] .s.d.r.c.RepositoryConfigurationDelegate : Finished Spring Data repository scanning in 10 ms. Found 0 Redis repository interfaces.
2023-07-27 08:50:13.784  INFO 2740 --- [main] o.s.b.w.embedded.tomcat.TomcatWebServer  : Tomcat initialized with port(s): 8080 (http)
2023-07-27 08:50:13.794  INFO 2740 --- [main] o.apache.catalina.core.StandardService   : Starting service [Tomcat]
2023-07-27 08:50:13.794  INFO 2740 --- [main] org.apache.catalina.core.StandardEngine  : Starting Servlet engine: [Apache Tomcat/9.0.75]
2023-07-27 08:50:13.945  INFO 2740 --- [main] o.a.c.c.C.[Tomcat].[localhost].[/]       : Initializing Spring embedded WebApplicationContext
2023-07-27 08:50:13.945  INFO 2740 --- [main] w.s.c.ServletWebServerApplicationContext : Root WebApplicationContext: initialization completed in 1368 ms
2023-07-27 08:50:14.036  WARN 2740 --- [main] ConfigServletWebServerApplicationContext : Exception encountered during context initialization - cancelling refresh attempt: org.springframework.beans.factory.BeanCreationException: Error creating bean with name 'securityConfiguration': Injection of resource dependencies failed; nested exception is org.springframework.beans.factory.BeanCreationException: Error creating bean with name 'userAuthService': Injection of resource dependencies failed; nested exception is org.springframework.beans.factory.BeanCreationException: Error creating bean with name 'userMapper' defined in file [D:\WorkspacesIDEA\svn\springboot-test1\target\classes\com\cern\springboottest1\mapper\UserMapper.class]: Cannot resolve reference to bean 'sqlSessionTemplate' while setting bean property 'sqlSessionTemplate'; nested exception is org.springframework.beans.factory.UnsatisfiedDependencyException: Error creating bean with name 'dataSourceScriptDatabaseInitializer' defined in class path resource [org/springframework/boot/autoconfigure/sql/init/DataSourceInitializationConfiguration.class]: Unsatisfied dependency expressed through method 'dataSourceScriptDatabaseInitializer' parameter 0; nested exception is org.springframework.beans.factory.BeanCreationException: Error creating bean with name 'dataSource' defined in class path resource [org/springframework/boot/autoconfigure/jdbc/DataSourceConfiguration$Hikari.class]: Bean instantiation via factory method failed; nested exception is org.springframework.beans.BeanInstantiationException: Failed to instantiate [com.zaxxer.hikari.HikariDataSource]: Factory method 'dataSource' threw exception; nested exception is org.springframework.boot.autoconfigure.jdbc.DataSourceProperties$DataSourceBeanCreationException: Failed to determine a suitable driver class
2023-07-27 08:50:14.039  INFO 2740 --- [main] o.apache.catalina.core.StandardService   : Stopping service [Tomcat]
2023-07-27 08:50:14.054  INFO 2740 --- [main] ConditionEvaluationReportLoggingListener : 

Error starting ApplicationContext. To display the conditions report re-run your application with 'debug' enabled.
2023-07-27 08:50:14.079 ERROR 2740 --- [main] o.s.b.d.LoggingFailureAnalysisReporter   : 

***************************
APPLICATION FAILED TO START
***************************

Description:

Failed to configure a DataSource: 'url' attribute is not specified and no embedded datasource could be configured.

Reason: Failed to determine a suitable driver class


Action:

Consider the following:
	If you want an embedded database (H2, HSQL or Derby), please put it on the classpath.
	If you have database settings to be loaded from a particular profile you may need to activate it (the profiles dev are currently active).

2023-07-27 08:50:57.417  INFO 11840 --- [main] c.c.s.SpringbootTest1Application         : Starting SpringbootTest1Application using Java 1.8.0_172 on LAPTOP-OLDO6QSR with PID 11840 (D:\WorkspacesIDEA\svn\springboot-test1\target\classes started by lenovo in D:\WorkspacesIDEA\svn\springboot-test1)
2023-07-27 08:50:57.420  INFO 11840 --- [main] c.c.s.SpringbootTest1Application         : The following 1 profile is active: "dev"
2023-07-27 08:50:58.071  INFO 11840 --- [main] .s.d.r.c.RepositoryConfigurationDelegate : Multiple Spring Data modules found, entering strict repository configuration mode
2023-07-27 08:50:58.074  INFO 11840 --- [main] .s.d.r.c.RepositoryConfigurationDelegate : Bootstrapping Spring Data Redis repositories in DEFAULT mode.
2023-07-27 08:50:58.100  INFO 11840 --- [main] .s.d.r.c.RepositoryConfigurationDelegate : Finished Spring Data repository scanning in 10 ms. Found 0 Redis repository interfaces.
2023-07-27 08:50:58.651  INFO 11840 --- [main] o.s.b.w.embedded.tomcat.TomcatWebServer  : Tomcat initialized with port(s): 8080 (http)
2023-07-27 08:50:58.661  INFO 11840 --- [main] o.apache.catalina.core.StandardService   : Starting service [Tomcat]
2023-07-27 08:50:58.661  INFO 11840 --- [main] org.apache.catalina.core.StandardEngine  : Starting Servlet engine: [Apache Tomcat/9.0.75]
2023-07-27 08:50:58.817  INFO 11840 --- [main] o.a.c.c.C.[Tomcat].[localhost].[/]       : Initializing Spring embedded WebApplicationContext
2023-07-27 08:50:58.818  INFO 11840 --- [main] w.s.c.ServletWebServerApplicationContext : Root WebApplicationContext: initialization completed in 1354 ms
2023-07-27 08:50:58.910  WARN 11840 --- [main] ConfigServletWebServerApplicationContext : Exception encountered during context initialization - cancelling refresh attempt: org.springframework.beans.factory.BeanCreationException: Error creating bean with name 'securityConfiguration': Injection of resource dependencies failed; nested exception is org.springframework.beans.factory.BeanCreationException: Error creating bean with name 'userAuthService': Injection of resource dependencies failed; nested exception is org.springframework.beans.factory.BeanCreationException: Error creating bean with name 'userMapper' defined in file [D:\WorkspacesIDEA\svn\springboot-test1\target\classes\com\cern\springboottest1\mapper\UserMapper.class]: Cannot resolve reference to bean 'sqlSessionTemplate' while setting bean property 'sqlSessionTemplate'; nested exception is org.springframework.beans.factory.UnsatisfiedDependencyException: Error creating bean with name 'dataSourceScriptDatabaseInitializer' defined in class path resource [org/springframework/boot/autoconfigure/sql/init/DataSourceInitializationConfiguration.class]: Unsatisfied dependency expressed through method 'dataSourceScriptDatabaseInitializer' parameter 0; nested exception is org.springframework.beans.factory.BeanCreationException: Error creating bean with name 'dataSource' defined in class path resource [org/springframework/boot/autoconfigure/jdbc/DataSourceConfiguration$Hikari.class]: Bean instantiation via factory method failed; nested exception is org.springframework.beans.BeanInstantiationException: Failed to instantiate [com.zaxxer.hikari.HikariDataSource]: Factory method 'dataSource' threw exception; nested exception is org.springframework.boot.autoconfigure.jdbc.DataSourceProperties$DataSourceBeanCreationException: Failed to determine a suitable driver class
2023-07-27 08:50:58.912  INFO 11840 --- [main] o.apache.catalina.core.StandardService   : Stopping service [Tomcat]
2023-07-27 08:50:58.927  INFO 11840 --- [main] ConditionEvaluationReportLoggingListener : 

Error starting ApplicationContext. To display the conditions report re-run your application with 'debug' enabled.
2023-07-27 08:50:58.952 ERROR 11840 --- [main] o.s.b.d.LoggingFailureAnalysisReporter   : 

***************************
APPLICATION FAILED TO START
***************************

Description:

Failed to configure a DataSource: 'url' attribute is not specified and no embedded datasource could be configured.

Reason: Failed to determine a suitable driver class


Action:

Consider the following:
	If you want an embedded database (H2, HSQL or Derby), please put it on the classpath.
	If you have database settings to be loaded from a particular profile you may need to activate it (the profiles dev are currently active).

2023-07-27 08:54:07.512  INFO 11216 --- [main] c.c.s.SpringbootTest1Application         : Starting SpringbootTest1Application using Java 1.8.0_172 on LAPTOP-OLDO6QSR with PID 11216 (D:\WorkspacesIDEA\svn\springboot-test1\target\classes started by lenovo in D:\WorkspacesIDEA\svn\springboot-test1)
2023-07-27 08:54:07.515  INFO 11216 --- [main] c.c.s.SpringbootTest1Application         : The following 1 profile is active: "dev"
2023-07-27 08:54:08.181  INFO 11216 --- [main] .s.d.r.c.RepositoryConfigurationDelegate : Multiple Spring Data modules found, entering strict repository configuration mode
2023-07-27 08:54:08.183  INFO 11216 --- [main] .s.d.r.c.RepositoryConfigurationDelegate : Bootstrapping Spring Data Redis repositories in DEFAULT mode.
2023-07-27 08:54:08.211  INFO 11216 --- [main] .s.d.r.c.RepositoryConfigurationDelegate : Finished Spring Data repository scanning in 10 ms. Found 0 Redis repository interfaces.
2023-07-27 08:54:08.767  INFO 11216 --- [main] o.s.b.w.embedded.tomcat.TomcatWebServer  : Tomcat initialized with port(s): 8080 (http)
2023-07-27 08:54:08.777  INFO 11216 --- [main] o.apache.catalina.core.StandardService   : Starting service [Tomcat]
2023-07-27 08:54:08.777  INFO 11216 --- [main] org.apache.catalina.core.StandardEngine  : Starting Servlet engine: [Apache Tomcat/9.0.75]
2023-07-27 08:54:08.929  INFO 11216 --- [main] o.a.c.c.C.[Tomcat].[localhost].[/]       : Initializing Spring embedded WebApplicationContext
2023-07-27 08:54:08.929  INFO 11216 --- [main] w.s.c.ServletWebServerApplicationContext : Root WebApplicationContext: initialization completed in 1370 ms
2023-07-27 08:54:09.376  INFO 11216 --- [main] o.s.b.a.w.s.WelcomePageHandlerMapping    : Adding welcome page template: index
2023-07-27 08:54:09.944  INFO 11216 --- [main] o.s.s.web.DefaultSecurityFilterChain     : Will secure any request with [org.springframework.security.web.session.DisableEncodeUrlFilter@3b8507df, org.springframework.security.web.context.request.async.WebAsyncManagerIntegrationFilter@5ed25612, org.springframework.security.web.context.SecurityContextPersistenceFilter@6c6c2a73, org.springframework.security.web.header.HeaderWriterFilter@76828577, org.springframework.security.web.authentication.logout.LogoutFilter@1c2d63f0, org.springframework.security.web.authentication.UsernamePasswordAuthenticationFilter@283a8ad6, org.springframework.security.web.savedrequest.RequestCacheAwareFilter@36b53f08, org.springframework.security.web.servletapi.SecurityContextHolderAwareRequestFilter@8ac12e6, org.springframework.security.web.authentication.rememberme.RememberMeAuthenticationFilter@7185e611, org.springframework.security.web.authentication.AnonymousAuthenticationFilter@451816fd, org.springframework.security.web.session.SessionManagementFilter@639cb788, org.springframework.security.web.access.ExceptionTranslationFilter@388f1258, org.springframework.security.web.access.intercept.AuthorizationFilter@2262f0d8]
2023-07-27 08:54:10.005  INFO 11216 --- [main] o.s.b.w.embedded.tomcat.TomcatWebServer  : Tomcat started on port(s): 8080 (http) with context path ''
2023-07-27 08:54:10.016  INFO 11216 --- [main] c.c.s.SpringbootTest1Application         : Started SpringbootTest1Application in 3.064 seconds (JVM running for 4.051)
2023-07-27 08:54:10.769  INFO 11216 --- [http-nio-8080-exec-1] o.a.c.c.C.[Tomcat].[localhost].[/]       : Initializing Spring DispatcherServlet 'dispatcherServlet'
2023-07-27 08:54:10.770  INFO 11216 --- [http-nio-8080-exec-1] o.s.web.servlet.DispatcherServlet        : Initializing Servlet 'dispatcherServlet'
2023-07-27 08:54:10.771  INFO 11216 --- [http-nio-8080-exec-1] o.s.web.servlet.DispatcherServlet        : Completed initialization in 1 ms
2023-07-27 08:54:10.860  INFO 11216 --- [http-nio-8080-exec-3] c.c.s.controller.UserController          : Someone is logging to the system!!!
2023-07-27 08:54:11.315  INFO 11216 --- [http-nio-8080-exec-8] c.c.s.controller.UserController          : Someone is logging to the system!!!
2023-07-27 08:54:11.320  INFO 11216 --- [http-nio-8080-exec-9] c.c.s.controller.UserController          : Someone is logging to the system!!!
2023-07-27 08:54:11.383  INFO 11216 --- [http-nio-8080-exec-2] c.c.s.controller.UserController          : Someone is logging to the system!!!
2023-07-27 08:54:33.106  INFO 11216 --- [http-nio-8080-exec-4] c.c.s.controller.UserController          : Someone is logging to the system!!!
2023-07-27 08:54:33.413  INFO 11216 --- [http-nio-8080-exec-8] c.c.s.controller.UserController          : Someone is logging to the system!!!
2023-07-27 08:54:33.416  INFO 11216 --- [http-nio-8080-exec-9] c.c.s.controller.UserController          : Someone is logging to the system!!!
2023-07-27 08:54:33.976  INFO 11216 --- [http-nio-8080-exec-4] c.c.s.controller.UserController          : Someone is logging to the system!!!
2023-07-27 08:54:34.626  INFO 11216 --- [http-nio-8080-exec-3] c.c.s.controller.UserController          : Someone is logging to the system!!!
2023-07-27 08:54:58.645  INFO 11216 --- [http-nio-8080-exec-7] c.c.s.controller.UserController          : Someone is logging to the system!!!
2023-07-27 08:54:58.878  INFO 11216 --- [http-nio-8080-exec-9] c.c.s.controller.UserController          : Someone is logging to the system!!!
2023-07-27 08:56:11.036  INFO 11216 --- [http-nio-8080-exec-6] c.c.s.controller.UserController          : Someone is logging to the system!!!
2023-07-27 08:56:11.039  INFO 11216 --- [http-nio-8080-exec-3] c.c.s.controller.UserController          : Someone is logging to the system!!!
2023-07-27 09:00:23.785  INFO 17920 --- [main] c.c.s.SpringbootTest1Application         : Starting SpringbootTest1Application using Java 1.8.0_172 on LAPTOP-OLDO6QSR with PID 17920 (D:\WorkspacesIDEA\svn\springboot-test1\target\classes started by lenovo in D:\WorkspacesIDEA\svn\springboot-test1)
2023-07-27 09:00:23.788  INFO 17920 --- [main] c.c.s.SpringbootTest1Application         : The following 1 profile is active: "dev"
2023-07-27 09:00:24.426  INFO 17920 --- [main] .s.d.r.c.RepositoryConfigurationDelegate : Multiple Spring Data modules found, entering strict repository configuration mode
2023-07-27 09:00:24.428  INFO 17920 --- [main] .s.d.r.c.RepositoryConfigurationDelegate : Bootstrapping Spring Data Redis repositories in DEFAULT mode.
2023-07-27 09:00:24.454  INFO 17920 --- [main] .s.d.r.c.RepositoryConfigurationDelegate : Finished Spring Data repository scanning in 10 ms. Found 0 Redis repository interfaces.
2023-07-27 09:00:25.021  INFO 17920 --- [main] o.s.b.w.embedded.tomcat.TomcatWebServer  : Tomcat initialized with port(s): 8080 (http)
2023-07-27 09:00:25.031  INFO 17920 --- [main] o.apache.catalina.core.StandardService   : Starting service [Tomcat]
2023-07-27 09:00:25.031  INFO 17920 --- [main] org.apache.catalina.core.StandardEngine  : Starting Servlet engine: [Apache Tomcat/9.0.75]
2023-07-27 09:00:25.178  INFO 17920 --- [main] o.a.c.c.C.[Tomcat].[localhost].[/]       : Initializing Spring embedded WebApplicationContext
2023-07-27 09:00:25.178  INFO 17920 --- [main] w.s.c.ServletWebServerApplicationContext : Root WebApplicationContext: initialization completed in 1349 ms
2023-07-27 09:00:25.635  INFO 17920 --- [main] o.s.b.a.w.s.WelcomePageHandlerMapping    : Adding welcome page template: index
2023-07-27 09:00:26.205  INFO 17920 --- [main] o.s.s.web.DefaultSecurityFilterChain     : Will secure any request with [org.springframework.security.web.session.DisableEncodeUrlFilter@1da745a2, org.springframework.security.web.context.request.async.WebAsyncManagerIntegrationFilter@4597e6e3, org.springframework.security.web.context.SecurityContextPersistenceFilter@1124910c, org.springframework.security.web.header.HeaderWriterFilter@4656fcc5, org.springframework.security.web.authentication.logout.LogoutFilter@790654d5, org.springframework.security.web.authentication.UsernamePasswordAuthenticationFilter@9c0d0bd, org.springframework.security.web.savedrequest.RequestCacheAwareFilter@4a9869a8, org.springframework.security.web.servletapi.SecurityContextHolderAwareRequestFilter@4a9b92c6, org.springframework.security.web.authentication.rememberme.RememberMeAuthenticationFilter@18e6b72b, org.springframework.security.web.authentication.AnonymousAuthenticationFilter@41ece227, org.springframework.security.web.session.SessionManagementFilter@27d73d22, org.springframework.security.web.access.ExceptionTranslationFilter@6182ffef, org.springframework.security.web.access.intercept.AuthorizationFilter@3313463c]
2023-07-27 09:00:26.264  INFO 17920 --- [main] o.s.b.w.embedded.tomcat.TomcatWebServer  : Tomcat started on port(s): 8080 (http) with context path ''
2023-07-27 09:00:26.275  INFO 17920 --- [main] c.c.s.SpringbootTest1Application         : Started SpringbootTest1Application in 3.024 seconds (JVM running for 4.293)
2023-07-27 09:00:26.770  INFO 17920 --- [http-nio-8080-exec-2] o.a.c.c.C.[Tomcat].[localhost].[/]       : Initializing Spring DispatcherServlet 'dispatcherServlet'
2023-07-27 09:00:26.771  INFO 17920 --- [http-nio-8080-exec-2] o.s.web.servlet.DispatcherServlet        : Initializing Servlet 'dispatcherServlet'
2023-07-27 09:00:26.772  INFO 17920 --- [http-nio-8080-exec-2] o.s.web.servlet.DispatcherServlet        : Completed initialization in 1 ms
2023-07-27 09:00:26.842  INFO 17920 --- [http-nio-8080-exec-3] c.c.s.controller.UserController          : Someone is logging to the system!!!
2023-07-27 09:00:27.341  INFO 17920 --- [http-nio-8080-exec-8] c.c.s.controller.UserController          : Someone is logging to the system!!!
2023-07-27 09:00:27.346  INFO 17920 --- [http-nio-8080-exec-9] c.c.s.controller.UserController          : Someone is logging to the system!!!
2023-07-27 09:00:27.408  INFO 17920 --- [http-nio-8080-exec-1] c.c.s.controller.UserController          : Someone is logging to the system!!!
2023-07-27 09:02:25.276  INFO 6752 --- [main] c.c.s.SpringbootTest1Application         : Starting SpringbootTest1Application using Java 1.8.0_172 on LAPTOP-OLDO6QSR with PID 6752 (D:\WorkspacesIDEA\svn\springboot-test1\target\classes started by lenovo in D:\WorkspacesIDEA\svn\springboot-test1)
2023-07-27 09:02:25.279  INFO 6752 --- [main] c.c.s.SpringbootTest1Application         : The following 1 profile is active: "dev"
2023-07-27 09:02:25.916  INFO 6752 --- [main] .s.d.r.c.RepositoryConfigurationDelegate : Multiple Spring Data modules found, entering strict repository configuration mode
2023-07-27 09:02:25.918  INFO 6752 --- [main] .s.d.r.c.RepositoryConfigurationDelegate : Bootstrapping Spring Data Redis repositories in DEFAULT mode.
2023-07-27 09:02:25.946  INFO 6752 --- [main] .s.d.r.c.RepositoryConfigurationDelegate : Finished Spring Data repository scanning in 10 ms. Found 0 Redis repository interfaces.
2023-07-27 09:02:26.489  INFO 6752 --- [main] o.s.b.w.embedded.tomcat.TomcatWebServer  : Tomcat initialized with port(s): 8080 (http)
2023-07-27 09:02:26.499  INFO 6752 --- [main] o.apache.catalina.core.StandardService   : Starting service [Tomcat]
2023-07-27 09:02:26.499  INFO 6752 --- [main] org.apache.catalina.core.StandardEngine  : Starting Servlet engine: [Apache Tomcat/9.0.75]
2023-07-27 09:02:26.666  INFO 6752 --- [main] o.a.c.c.C.[Tomcat].[localhost].[/]       : Initializing Spring embedded WebApplicationContext
2023-07-27 09:02:26.666  INFO 6752 --- [main] w.s.c.ServletWebServerApplicationContext : Root WebApplicationContext: initialization completed in 1344 ms
2023-07-27 09:02:27.109  INFO 6752 --- [main] o.s.b.a.w.s.WelcomePageHandlerMapping    : Adding welcome page template: index
2023-07-27 09:02:27.650  INFO 6752 --- [main] o.s.s.web.DefaultSecurityFilterChain     : Will secure any request with [org.springframework.security.web.session.DisableEncodeUrlFilter@283a8ad6, org.springframework.security.web.context.request.async.WebAsyncManagerIntegrationFilter@59e082f8, org.springframework.security.web.context.SecurityContextPersistenceFilter@36df4c26, org.springframework.security.web.header.HeaderWriterFilter@3d0352, org.springframework.security.web.authentication.logout.LogoutFilter@559d19c, org.springframework.security.web.authentication.UsernamePasswordAuthenticationFilter@1c2d63f0, org.springframework.security.web.savedrequest.RequestCacheAwareFilter@38732372, org.springframework.security.web.servletapi.SecurityContextHolderAwareRequestFilter@7b211077, org.springframework.security.web.authentication.rememberme.RememberMeAuthenticationFilter@20b54cfe, org.springframework.security.web.authentication.AnonymousAuthenticationFilter@7185e611, org.springframework.security.web.session.SessionManagementFilter@388f1258, org.springframework.security.web.access.ExceptionTranslationFilter@25d911a, org.springframework.security.web.access.intercept.AuthorizationFilter@45f9d394]
2023-07-27 09:02:27.708  INFO 6752 --- [main] o.s.b.w.embedded.tomcat.TomcatWebServer  : Tomcat started on port(s): 8080 (http) with context path ''
2023-07-27 09:02:27.719  INFO 6752 --- [main] c.c.s.SpringbootTest1Application         : Started SpringbootTest1Application in 2.994 seconds (JVM running for 3.966)
2023-07-27 09:02:28.627  INFO 6752 --- [http-nio-8080-exec-2] o.a.c.c.C.[Tomcat].[localhost].[/]       : Initializing Spring DispatcherServlet 'dispatcherServlet'
2023-07-27 09:02:28.628  INFO 6752 --- [http-nio-8080-exec-2] o.s.web.servlet.DispatcherServlet        : Initializing Servlet 'dispatcherServlet'
2023-07-27 09:02:28.629  INFO 6752 --- [http-nio-8080-exec-2] o.s.web.servlet.DispatcherServlet        : Completed initialization in 1 ms
2023-07-27 09:02:28.702  INFO 6752 --- [http-nio-8080-exec-3] c.c.s.controller.UserController          : Someone is logging to the system!!!
2023-07-27 09:02:29.148  INFO 6752 --- [http-nio-8080-exec-7] c.c.s.controller.UserController          : Someone is logging to the system!!!
2023-07-27 09:02:29.156  INFO 6752 --- [http-nio-8080-exec-9] c.c.s.controller.UserController          : Someone is logging to the system!!!
2023-07-27 09:02:29.222  INFO 6752 --- [http-nio-8080-exec-1] c.c.s.controller.UserController          : Someone is logging to the system!!!
2023-07-27 09:03:48.942  INFO 14196 --- [main] c.c.s.SpringbootTest1Application         : Starting SpringbootTest1Application using Java 1.8.0_172 on LAPTOP-OLDO6QSR with PID 14196 (D:\WorkspacesIDEA\svn\springboot-test1\target\classes started by lenovo in D:\WorkspacesIDEA\svn\springboot-test1)
2023-07-27 09:03:48.945  INFO 14196 --- [main] c.c.s.SpringbootTest1Application         : The following 1 profile is active: "dev"
2023-07-27 09:03:49.636  INFO 14196 --- [main] .s.d.r.c.RepositoryConfigurationDelegate : Multiple Spring Data modules found, entering strict repository configuration mode
2023-07-27 09:03:49.639  INFO 14196 --- [main] .s.d.r.c.RepositoryConfigurationDelegate : Bootstrapping Spring Data Redis repositories in DEFAULT mode.
2023-07-27 09:03:49.665  INFO 14196 --- [main] .s.d.r.c.RepositoryConfigurationDelegate : Finished Spring Data repository scanning in 10 ms. Found 0 Redis repository interfaces.
2023-07-27 09:03:50.244  INFO 14196 --- [main] o.s.b.w.embedded.tomcat.TomcatWebServer  : Tomcat initialized with port(s): 8080 (http)
2023-07-27 09:03:50.254  INFO 14196 --- [main] o.apache.catalina.core.StandardService   : Starting service [Tomcat]
2023-07-27 09:03:50.254  INFO 14196 --- [main] org.apache.catalina.core.StandardEngine  : Starting Servlet engine: [Apache Tomcat/9.0.75]
2023-07-27 09:03:50.412  INFO 14196 --- [main] o.a.c.c.C.[Tomcat].[localhost].[/]       : Initializing Spring embedded WebApplicationContext
2023-07-27 09:03:50.412  INFO 14196 --- [main] w.s.c.ServletWebServerApplicationContext : Root WebApplicationContext: initialization completed in 1420 ms
2023-07-27 09:03:50.915  INFO 14196 --- [main] o.s.b.a.w.s.WelcomePageHandlerMapping    : Adding welcome page template: index
2023-07-27 09:03:51.517  INFO 14196 --- [main] o.s.s.web.DefaultSecurityFilterChain     : Will secure any request with [org.springframework.security.web.session.DisableEncodeUrlFilter@350bbd5d, org.springframework.security.web.context.request.async.WebAsyncManagerIntegrationFilter@3c3e363, org.springframework.security.web.context.SecurityContextPersistenceFilter@2c0798bd, org.springframework.security.web.header.HeaderWriterFilter@3cd46491, org.springframework.security.web.authentication.logout.LogoutFilter@29c1249a, org.springframework.security.web.authentication.UsernamePasswordAuthenticationFilter@4c5f7b4f, org.springframework.security.web.savedrequest.RequestCacheAwareFilter@77cddc0c, org.springframework.security.web.servletapi.SecurityContextHolderAwareRequestFilter@44b9c7c4, org.springframework.security.web.authentication.rememberme.RememberMeAuthenticationFilter@44084713, org.springframework.security.web.authentication.AnonymousAuthenticationFilter@16c5b50a, org.springframework.security.web.session.SessionManagementFilter@349312d5, org.springframework.security.web.access.ExceptionTranslationFilter@754de353, org.springframework.security.web.access.intercept.AuthorizationFilter@31f31b20]
2023-07-27 09:03:51.582  INFO 14196 --- [main] o.s.b.w.embedded.tomcat.TomcatWebServer  : Tomcat started on port(s): 8080 (http) with context path ''
2023-07-27 09:03:51.594  INFO 14196 --- [main] c.c.s.SpringbootTest1Application         : Started SpringbootTest1Application in 3.239 seconds (JVM running for 4.302)
2023-07-27 09:03:52.071  INFO 14196 --- [http-nio-8080-exec-2] o.a.c.c.C.[Tomcat].[localhost].[/]       : Initializing Spring DispatcherServlet 'dispatcherServlet'
2023-07-27 09:03:52.072  INFO 14196 --- [http-nio-8080-exec-2] o.s.web.servlet.DispatcherServlet        : Initializing Servlet 'dispatcherServlet'
2023-07-27 09:03:52.073  INFO 14196 --- [http-nio-8080-exec-2] o.s.web.servlet.DispatcherServlet        : Completed initialization in 1 ms
2023-07-27 09:03:52.147  INFO 14196 --- [http-nio-8080-exec-3] c.c.s.controller.UserController          : Someone is logging to the system!!!
2023-07-27 09:03:52.612  INFO 14196 --- [http-nio-8080-exec-7] c.c.s.controller.UserController          : Someone is logging to the system!!!
2023-07-27 09:03:52.617  INFO 14196 --- [http-nio-8080-exec-9] c.c.s.controller.UserController          : Someone is logging to the system!!!
2023-07-27 09:03:52.681  INFO 14196 --- [http-nio-8080-exec-2] c.c.s.controller.UserController          : Someone is logging to the system!!!
2023-07-27 09:07:32.503  INFO 14128 --- [main] c.c.s.SpringbootTest1ApplicationTests    : Starting SpringbootTest1ApplicationTests using Java 1.8.0_172 on LAPTOP-OLDO6QSR with PID 14128 (started by lenovo in D:\WorkspacesIDEA\svn\springboot-test1)
2023-07-27 09:07:32.504  INFO 14128 --- [main] c.c.s.SpringbootTest1ApplicationTests    : The following 1 profile is active: "dev"
2023-07-27 09:07:33.244  INFO 14128 --- [main] .s.d.r.c.RepositoryConfigurationDelegate : Multiple Spring Data modules found, entering strict repository configuration mode
2023-07-27 09:07:33.249  INFO 14128 --- [main] .s.d.r.c.RepositoryConfigurationDelegate : Bootstrapping Spring Data Redis repositories in DEFAULT mode.
2023-07-27 09:07:33.285  INFO 14128 --- [main] .s.d.r.c.RepositoryConfigurationDelegate : Finished Spring Data repository scanning in 14 ms. Found 0 Redis repository interfaces.
2023-07-27 09:07:34.895  INFO 14128 --- [main] o.s.b.a.w.s.WelcomePageHandlerMapping    : Adding welcome page template: index
2023-07-27 09:07:36.484  INFO 14128 --- [main] o.s.s.web.DefaultSecurityFilterChain     : Will secure any request with [org.springframework.security.web.session.DisableEncodeUrlFilter@601d6622, org.springframework.security.web.context.request.async.WebAsyncManagerIntegrationFilter@76216830, org.springframework.security.web.context.SecurityContextPersistenceFilter@48bc2fce, org.springframework.security.web.header.HeaderWriterFilter@3d3c886f, org.springframework.security.web.authentication.logout.LogoutFilter@1ee5632d, org.springframework.security.web.authentication.UsernamePasswordAuthenticationFilter@7b18658a, org.springframework.security.web.savedrequest.RequestCacheAwareFilter@24fba488, org.springframework.security.web.servletapi.SecurityContextHolderAwareRequestFilter@67328bcb, org.springframework.security.web.authentication.rememberme.RememberMeAuthenticationFilter@281b2dfd, org.springframework.security.web.authentication.AnonymousAuthenticationFilter@7aded903, org.springframework.security.web.session.SessionManagementFilter@666618d6, org.springframework.security.web.access.ExceptionTranslationFilter@2c9d90fc, org.springframework.security.web.access.intercept.AuthorizationFilter@585513a8]
2023-07-27 09:07:36.620  INFO 14128 --- [main] c.c.s.SpringbootTest1ApplicationTests    : Started SpringbootTest1ApplicationTests in 4.646 seconds (JVM running for 5.861)
2023-07-27 09:07:36.677 ERROR 14128 --- [main] o.s.test.context.TestContextManager      : Caught exception while allowing TestExecutionListener [org.springframework.boot.test.autoconfigure.SpringBootDependencyInjectionTestExecutionListener@4007f65e] to prepare test instance [com.cern.springboottest1.SpringbootTest1ApplicationTests@7da1e005]

org.springframework.beans.factory.BeanCreationException: Error creating bean with name 'com.cern.springboottest1.SpringbootTest1ApplicationTests': Injection of resource dependencies failed; nested exception is org.springframework.beans.factory.NoSuchBeanDefinitionException: No qualifying bean of type 'com.cern.springboottest1.domain.UserData' available: expected at least 1 bean which qualifies as autowire candidate. Dependency annotations: {@javax.annotation.Resource(shareable=true, lookup=, name=, description=, authenticationType=CONTAINER, type=class java.lang.Object, mappedName=)}
	at org.springframework.context.annotation.CommonAnnotationBeanPostProcessor.postProcessProperties(CommonAnnotationBeanPostProcessor.java:332)
	at org.springframework.beans.factory.support.AbstractAutowireCapableBeanFactory.populateBean(AbstractAutowireCapableBeanFactory.java:1431)
	at org.springframework.beans.factory.support.AbstractAutowireCapableBeanFactory.autowireBeanProperties(AbstractAutowireCapableBeanFactory.java:417)
	at org.springframework.test.context.support.DependencyInjectionTestExecutionListener.injectDependencies(DependencyInjectionTestExecutionListener.java:119)
	at org.springframework.test.context.support.DependencyInjectionTestExecutionListener.prepareTestInstance(DependencyInjectionTestExecutionListener.java:83)
	at org.springframework.boot.test.autoconfigure.SpringBootDependencyInjectionTestExecutionListener.prepareTestInstance(SpringBootDependencyInjectionTestExecutionListener.java:43)
	at org.springframework.test.context.TestContextManager.prepareTestInstance(TestContextManager.java:248)
	at org.springframework.test.context.junit.jupiter.SpringExtension.postProcessTestInstance(SpringExtension.java:138)
	at org.junit.jupiter.engine.descriptor.ClassBasedTestDescriptor.lambda$invokeTestInstancePostProcessors$8(ClassBasedTestDescriptor.java:363)
	at org.junit.jupiter.engine.descriptor.ClassBasedTestDescriptor.executeAndMaskThrowable(ClassBasedTestDescriptor.java:368)
	at org.junit.jupiter.engine.descriptor.ClassBasedTestDescriptor.lambda$invokeTestInstancePostProcessors$9(ClassBasedTestDescriptor.java:363)
	at java.util.stream.ReferencePipeline$3$1.accept(ReferencePipeline.java:193)
	at java.util.stream.ReferencePipeline$2$1.accept(ReferencePipeline.java:175)
	at java.util.ArrayList$ArrayListSpliterator.forEachRemaining(ArrayList.java:1382)
	at java.util.stream.AbstractPipeline.copyInto(AbstractPipeline.java:481)
	at java.util.stream.AbstractPipeline.wrapAndCopyInto(AbstractPipeline.java:471)
	at java.util.stream.StreamSpliterators$WrappingSpliterator.forEachRemaining(StreamSpliterators.java:312)
	at java.util.stream.Streams$ConcatSpliterator.forEachRemaining(Streams.java:743)
	at java.util.stream.Streams$ConcatSpliterator.forEachRemaining(Streams.java:742)
	at java.util.stream.ReferencePipeline$Head.forEach(ReferencePipeline.java:580)
	at org.junit.jupiter.engine.descriptor.ClassBasedTestDescriptor.invokeTestInstancePostProcessors(ClassBasedTestDescriptor.java:362)
	at org.junit.jupiter.engine.descriptor.ClassBasedTestDescriptor.lambda$instantiateAndPostProcessTestInstance$6(ClassBasedTestDescriptor.java:283)
	at org.junit.platform.engine.support.hierarchical.ThrowableCollector.execute(ThrowableCollector.java:73)
	at org.junit.jupiter.engine.descriptor.ClassBasedTestDescriptor.instantiateAndPostProcessTestInstance(ClassBasedTestDescriptor.java:282)
	at org.junit.jupiter.engine.descriptor.ClassBasedTestDescriptor.lambda$testInstancesProvider$4(ClassBasedTestDescriptor.java:272)
	at java.util.Optional.orElseGet(Optional.java:267)
	at org.junit.jupiter.engine.descriptor.ClassBasedTestDescriptor.lambda$testInstancesProvider$5(ClassBasedTestDescriptor.java:271)
	at org.junit.jupiter.engine.execution.TestInstancesProvider.getTestInstances(TestInstancesProvider.java:31)
	at org.junit.jupiter.engine.descriptor.TestMethodTestDescriptor.lambda$prepare$0(TestMethodTestDescriptor.java:102)
	at org.junit.platform.engine.support.hierarchical.ThrowableCollector.execute(ThrowableCollector.java:73)
	at org.junit.jupiter.engine.descriptor.TestMethodTestDescriptor.prepare(TestMethodTestDescriptor.java:101)
	at org.junit.jupiter.engine.descriptor.TestMethodTestDescriptor.prepare(TestMethodTestDescriptor.java:66)
	at org.junit.platform.engine.support.hierarchical.NodeTestTask.lambda$prepare$2(NodeTestTask.java:123)
	at org.junit.platform.engine.support.hierarchical.ThrowableCollector.execute(ThrowableCollector.java:73)
	at org.junit.platform.engine.support.hierarchical.NodeTestTask.prepare(NodeTestTask.java:123)
	at org.junit.platform.engine.support.hierarchical.NodeTestTask.execute(NodeTestTask.java:90)
	at java.util.ArrayList.forEach(ArrayList.java:1257)
	at org.junit.platform.engine.support.hierarchical.SameThreadHierarchicalTestExecutorService.invokeAll(SameThreadHierarchicalTestExecutorService.java:41)
	at org.junit.platform.engine.support.hierarchical.NodeTestTask.lambda$executeRecursively$6(NodeTestTask.java:155)
	at org.junit.platform.engine.support.hierarchical.ThrowableCollector.execute(ThrowableCollector.java:73)
	at org.junit.platform.engine.support.hierarchical.NodeTestTask.lambda$executeRecursively$8(NodeTestTask.java:141)
	at org.junit.platform.engine.support.hierarchical.Node.around(Node.java:137)
	at org.junit.platform.engine.support.hierarchical.NodeTestTask.lambda$executeRecursively$9(NodeTestTask.java:139)
	at org.junit.platform.engine.support.hierarchical.ThrowableCollector.execute(ThrowableCollector.java:73)
	at org.junit.platform.engine.support.hierarchical.NodeTestTask.executeRecursively(NodeTestTask.java:138)
	at org.junit.platform.engine.support.hierarchical.NodeTestTask.execute(NodeTestTask.java:95)
	at java.util.ArrayList.forEach(ArrayList.java:1257)
	at org.junit.platform.engine.support.hierarchical.SameThreadHierarchicalTestExecutorService.invokeAll(SameThreadHierarchicalTestExecutorService.java:41)
	at org.junit.platform.engine.support.hierarchical.NodeTestTask.lambda$executeRecursively$6(NodeTestTask.java:155)
	at org.junit.platform.engine.support.hierarchical.ThrowableCollector.execute(ThrowableCollector.java:73)
	at org.junit.platform.engine.support.hierarchical.NodeTestTask.lambda$executeRecursively$8(NodeTestTask.java:141)
	at org.junit.platform.engine.support.hierarchical.Node.around(Node.java:137)
	at org.junit.platform.engine.support.hierarchical.NodeTestTask.lambda$executeRecursively$9(NodeTestTask.java:139)
	at org.junit.platform.engine.support.hierarchical.ThrowableCollector.execute(ThrowableCollector.java:73)
	at org.junit.platform.engine.support.hierarchical.NodeTestTask.executeRecursively(NodeTestTask.java:138)
	at org.junit.platform.engine.support.hierarchical.NodeTestTask.execute(NodeTestTask.java:95)
	at org.junit.platform.engine.support.hierarchical.SameThreadHierarchicalTestExecutorService.submit(SameThreadHierarchicalTestExecutorService.java:35)
	at org.junit.platform.engine.support.hierarchical.HierarchicalTestExecutor.execute(HierarchicalTestExecutor.java:57)
	at org.junit.platform.engine.support.hierarchical.HierarchicalTestEngine.execute(HierarchicalTestEngine.java:54)
	at org.junit.platform.launcher.core.DefaultLauncher.execute(DefaultLauncher.java:220)
	at org.junit.platform.launcher.core.DefaultLauncher.lambda$execute$6(DefaultLauncher.java:188)
	at org.junit.platform.launcher.core.DefaultLauncher.withInterceptedStreams(DefaultLauncher.java:202)
	at org.junit.platform.launcher.core.DefaultLauncher.execute(DefaultLauncher.java:181)
	at org.junit.platform.launcher.core.DefaultLauncher.execute(DefaultLauncher.java:128)
	at org.apache.maven.surefire.junitplatform.JUnitPlatformProvider.invokeAllTests(JUnitPlatformProvider.java:150)
	at org.apache.maven.surefire.junitplatform.JUnitPlatformProvider.invoke(JUnitPlatformProvider.java:124)
	at org.apache.maven.surefire.booter.ForkedBooter.invokeProviderInSameClassLoader(ForkedBooter.java:384)
	at org.apache.maven.surefire.booter.ForkedBooter.runSuitesInProcess(ForkedBooter.java:345)
	at org.apache.maven.surefire.booter.ForkedBooter.execute(ForkedBooter.java:126)
	at org.apache.maven.surefire.booter.ForkedBooter.main(ForkedBooter.java:418)
Caused by: org.springframework.beans.factory.NoSuchBeanDefinitionException: No qualifying bean of type 'com.cern.springboottest1.domain.UserData' available: expected at least 1 bean which qualifies as autowire candidate. Dependency annotations: {@javax.annotation.Resource(shareable=true, lookup=, name=, description=, authenticationType=CONTAINER, type=class java.lang.Object, mappedName=)}
	at org.springframework.beans.factory.support.DefaultListableBeanFactory.raiseNoMatchingBeanFound(DefaultListableBeanFactory.java:1801)
	at org.springframework.beans.factory.support.DefaultListableBeanFactory.doResolveDependency(DefaultListableBeanFactory.java:1357)
	at org.springframework.beans.factory.support.DefaultListableBeanFactory.resolveDependency(DefaultListableBeanFactory.java:1311)
	at org.springframework.context.annotation.CommonAnnotationBeanPostProcessor.autowireResource(CommonAnnotationBeanPostProcessor.java:544)
	at org.springframework.context.annotation.CommonAnnotationBeanPostProcessor.getResource(CommonAnnotationBeanPostProcessor.java:520)
	at org.springframework.context.annotation.CommonAnnotationBeanPostProcessor$ResourceElement.getResourceToInject(CommonAnnotationBeanPostProcessor.java:673)
	at org.springframework.beans.factory.annotation.InjectionMetadata$InjectedElement.inject(InjectionMetadata.java:228)
	at org.springframework.beans.factory.annotation.InjectionMetadata.inject(InjectionMetadata.java:119)
	at org.springframework.context.annotation.CommonAnnotationBeanPostProcessor.postProcessProperties(CommonAnnotationBeanPostProcessor.java:329)
	... 69 common frames omitted

2023-07-27 14:05:20.607  INFO 20508 --- [main] c.c.s.SpringbootTest1Application         : Starting SpringbootTest1Application using Java 1.8.0_172 on LAPTOP-OLDO6QSR with PID 20508 (D:\WorkspacesIDEA\svn\springboot-test1\target\classes started by lenovo in D:\WorkspacesIDEA\svn\springboot-test1)
2023-07-27 14:05:20.610  INFO 20508 --- [main] c.c.s.SpringbootTest1Application         : The following 1 profile is active: "dev"
2023-07-27 14:05:21.255  INFO 20508 --- [main] .s.d.r.c.RepositoryConfigurationDelegate : Multiple Spring Data modules found, entering strict repository configuration mode
2023-07-27 14:05:21.257  INFO 20508 --- [main] .s.d.r.c.RepositoryConfigurationDelegate : Bootstrapping Spring Data Redis repositories in DEFAULT mode.
2023-07-27 14:05:21.283  INFO 20508 --- [main] .s.d.r.c.RepositoryConfigurationDelegate : Finished Spring Data repository scanning in 10 ms. Found 0 Redis repository interfaces.
2023-07-27 14:05:21.837  INFO 20508 --- [main] o.s.b.w.embedded.tomcat.TomcatWebServer  : Tomcat initialized with port(s): 8080 (http)
2023-07-27 14:05:21.846  INFO 20508 --- [main] o.apache.catalina.core.StandardService   : Starting service [Tomcat]
2023-07-27 14:05:21.847  INFO 20508 --- [main] org.apache.catalina.core.StandardEngine  : Starting Servlet engine: [Apache Tomcat/9.0.75]
2023-07-27 14:05:22.000  INFO 20508 --- [main] o.a.c.c.C.[Tomcat].[localhost].[/]       : Initializing Spring embedded WebApplicationContext
2023-07-27 14:05:22.000  INFO 20508 --- [main] w.s.c.ServletWebServerApplicationContext : Root WebApplicationContext: initialization completed in 1341 ms
2023-07-27 14:05:22.474  INFO 20508 --- [main] o.s.b.a.w.s.WelcomePageHandlerMapping    : Adding welcome page template: index
2023-07-27 14:05:23.067  INFO 20508 --- [main] o.s.s.web.DefaultSecurityFilterChain     : Will secure any request with [org.springframework.security.web.session.DisableEncodeUrlFilter@1d4cc7, org.springframework.security.web.context.request.async.WebAsyncManagerIntegrationFilter@7d28cdcd, org.springframework.security.web.context.SecurityContextPersistenceFilter@1fb6b8fb, org.springframework.security.web.header.HeaderWriterFilter@2e3252, org.springframework.security.web.authentication.logout.LogoutFilter@4c5f7b4f, org.springframework.security.web.authentication.UsernamePasswordAuthenticationFilter@350bbd5d, org.springframework.security.web.savedrequest.RequestCacheAwareFilter@1a10c47e, org.springframework.security.web.servletapi.SecurityContextHolderAwareRequestFilter@4a2e1e52, org.springframework.security.web.authentication.rememberme.RememberMeAuthenticationFilter@16c5b50a, org.springframework.security.web.authentication.AnonymousAuthenticationFilter@255ed8e4, org.springframework.security.web.session.SessionManagementFilter@671d97bc, org.springframework.security.web.access.ExceptionTranslationFilter@349312d5, org.springframework.security.web.access.intercept.AuthorizationFilter@333d44f6]
2023-07-27 14:05:23.131  INFO 20508 --- [main] o.s.b.w.embedded.tomcat.TomcatWebServer  : Tomcat started on port(s): 8080 (http) with context path ''
2023-07-27 14:05:23.143  INFO 20508 --- [main] c.c.s.SpringbootTest1Application         : Started SpringbootTest1Application in 3.104 seconds (JVM running for 4.609)
2023-07-27 14:05:48.120  INFO 20508 --- [http-nio-8080-exec-1] o.a.c.c.C.[Tomcat].[localhost].[/]       : Initializing Spring DispatcherServlet 'dispatcherServlet'
2023-07-27 14:05:48.121  INFO 20508 --- [http-nio-8080-exec-1] o.s.web.servlet.DispatcherServlet        : Initializing Servlet 'dispatcherServlet'
2023-07-27 14:05:48.122  INFO 20508 --- [http-nio-8080-exec-1] o.s.web.servlet.DispatcherServlet        : Completed initialization in 1 ms
2023-07-27 14:05:51.174  INFO 20508 --- [http-nio-8080-exec-1] c.c.s.controller.UserController          : Someone is logging to the system!!!
2023-07-27 14:05:54.655  INFO 20508 --- [http-nio-8080-exec-6] c.c.s.controller.UserController          : Someone is logging to the system!!!
2023-07-27 14:05:57.674  INFO 20508 --- [http-nio-8080-exec-7] c.c.s.controller.UserController          : Someone is logging to the system!!!
2023-07-27 14:06:00.712  INFO 20508 --- [http-nio-8080-exec-9] c.c.s.controller.UserController          : Someone is logging to the system!!!
2023-07-27 14:12:57.261  INFO 19568 --- [main] c.c.s.SpringbootTest1Application         : Starting SpringbootTest1Application using Java 1.8.0_172 on LAPTOP-OLDO6QSR with PID 19568 (D:\WorkspacesIDEA\svn\springboot-test1\target\classes started by lenovo in D:\WorkspacesIDEA\svn\springboot-test1)
2023-07-27 14:12:57.266  INFO 19568 --- [main] c.c.s.SpringbootTest1Application         : The following 1 profile is active: "dev"
2023-07-27 14:12:57.962  INFO 19568 --- [main] .s.d.r.c.RepositoryConfigurationDelegate : Multiple Spring Data modules found, entering strict repository configuration mode
2023-07-27 14:12:57.965  INFO 19568 --- [main] .s.d.r.c.RepositoryConfigurationDelegate : Bootstrapping Spring Data Redis repositories in DEFAULT mode.
2023-07-27 14:12:57.991  INFO 19568 --- [main] .s.d.r.c.RepositoryConfigurationDelegate : Finished Spring Data repository scanning in 10 ms. Found 0 Redis repository interfaces.
2023-07-27 14:12:58.578  INFO 19568 --- [main] o.s.b.w.embedded.tomcat.TomcatWebServer  : Tomcat initialized with port(s): 8080 (http)
2023-07-27 14:12:58.588  INFO 19568 --- [main] o.apache.catalina.core.StandardService   : Starting service [Tomcat]
2023-07-27 14:12:58.588  INFO 19568 --- [main] org.apache.catalina.core.StandardEngine  : Starting Servlet engine: [Apache Tomcat/9.0.75]
2023-07-27 14:12:58.741  INFO 19568 --- [main] o.a.c.c.C.[Tomcat].[localhost].[/]       : Initializing Spring embedded WebApplicationContext
2023-07-27 14:12:58.742  INFO 19568 --- [main] w.s.c.ServletWebServerApplicationContext : Root WebApplicationContext: initialization completed in 1416 ms
2023-07-27 14:12:59.238  INFO 19568 --- [main] o.s.b.a.w.s.WelcomePageHandlerMapping    : Adding welcome page template: index
2023-07-27 14:12:59.829  INFO 19568 --- [main] o.s.s.web.DefaultSecurityFilterChain     : Will secure any request with [org.springframework.security.web.session.DisableEncodeUrlFilter@3ef0e576, org.springframework.security.web.context.request.async.WebAsyncManagerIntegrationFilter@da34eb0, org.springframework.security.web.context.SecurityContextPersistenceFilter@77bb916f, org.springframework.security.web.header.HeaderWriterFilter@76b305e1, org.springframework.security.web.authentication.logout.LogoutFilter@a2df0d5, org.springframework.security.web.authentication.UsernamePasswordAuthenticationFilter@42cc420b, org.springframework.security.web.savedrequest.RequestCacheAwareFilter@521ba38f, org.springframework.security.web.servletapi.SecurityContextHolderAwareRequestFilter@4eb63dc8, org.springframework.security.web.authentication.rememberme.RememberMeAuthenticationFilter@5086623f, org.springframework.security.web.authentication.AnonymousAuthenticationFilter@785a4557, org.springframework.security.web.session.SessionManagementFilter@7adae08e, org.springframework.security.web.access.ExceptionTranslationFilter@3e28dc96, org.springframework.security.web.access.intercept.AuthorizationFilter@71b0289b]
2023-07-27 14:12:59.900  INFO 19568 --- [main] o.s.b.w.embedded.tomcat.TomcatWebServer  : Tomcat started on port(s): 8080 (http) with context path ''
2023-07-27 14:12:59.914  INFO 19568 --- [main] c.c.s.SpringbootTest1Application         : Started SpringbootTest1Application in 3.233 seconds (JVM running for 4.272)
2023-07-27 14:16:57.673  INFO 6336 --- [main] c.c.s.SpringbootTest1Application         : Starting SpringbootTest1Application using Java 1.8.0_172 on LAPTOP-OLDO6QSR with PID 6336 (D:\WorkspacesIDEA\svn\springboot-test1\target\classes started by lenovo in D:\WorkspacesIDEA\svn\springboot-test1)
2023-07-27 14:16:57.676  INFO 6336 --- [main] c.c.s.SpringbootTest1Application         : The following 1 profile is active: "dev"
2023-07-27 14:16:58.349  INFO 6336 --- [main] .s.d.r.c.RepositoryConfigurationDelegate : Multiple Spring Data modules found, entering strict repository configuration mode
2023-07-27 14:16:58.351  INFO 6336 --- [main] .s.d.r.c.RepositoryConfigurationDelegate : Bootstrapping Spring Data Redis repositories in DEFAULT mode.
2023-07-27 14:16:58.378  INFO 6336 --- [main] .s.d.r.c.RepositoryConfigurationDelegate : Finished Spring Data repository scanning in 10 ms. Found 0 Redis repository interfaces.
2023-07-27 14:16:58.957  INFO 6336 --- [main] o.s.b.w.embedded.tomcat.TomcatWebServer  : Tomcat initialized with port(s): 8080 (http)
2023-07-27 14:16:58.966  INFO 6336 --- [main] o.apache.catalina.core.StandardService   : Starting service [Tomcat]
2023-07-27 14:16:58.966  INFO 6336 --- [main] org.apache.catalina.core.StandardEngine  : Starting Servlet engine: [Apache Tomcat/9.0.75]
2023-07-27 14:16:59.121  INFO 6336 --- [main] o.a.c.c.C.[Tomcat].[localhost].[/]       : Initializing Spring embedded WebApplicationContext
2023-07-27 14:16:59.121  INFO 6336 --- [main] w.s.c.ServletWebServerApplicationContext : Root WebApplicationContext: initialization completed in 1396 ms
2023-07-27 14:16:59.628  INFO 6336 --- [main] o.s.b.a.w.s.WelcomePageHandlerMapping    : Adding welcome page template: index
2023-07-27 14:17:00.233  INFO 6336 --- [main] o.s.s.web.DefaultSecurityFilterChain     : Will secure any request with [org.springframework.security.web.session.DisableEncodeUrlFilter@559fd5ec, org.springframework.security.web.context.request.async.WebAsyncManagerIntegrationFilter@bb12f41, org.springframework.security.web.context.SecurityContextPersistenceFilter@247bbfba, org.springframework.security.web.header.HeaderWriterFilter@17c53dfb, org.springframework.security.web.authentication.logout.LogoutFilter@7eae55, org.springframework.security.web.authentication.UsernamePasswordAuthenticationFilter@3b5da0b0, org.springframework.security.web.savedrequest.RequestCacheAwareFilter@4eb63dc8, org.springframework.security.web.servletapi.SecurityContextHolderAwareRequestFilter@5d221b20, org.springframework.security.web.authentication.rememberme.RememberMeAuthenticationFilter@6c6379c, org.springframework.security.web.authentication.AnonymousAuthenticationFilter@708dfe10, org.springframework.security.web.session.SessionManagementFilter@efe49ab, org.springframework.security.web.access.ExceptionTranslationFilter@5a48d186, org.springframework.security.web.access.intercept.AuthorizationFilter@2bf3ec4]
2023-07-27 14:17:00.301  INFO 6336 --- [main] o.s.b.w.embedded.tomcat.TomcatWebServer  : Tomcat started on port(s): 8080 (http) with context path ''
2023-07-27 14:17:00.316  INFO 6336 --- [main] c.c.s.SpringbootTest1Application         : Started SpringbootTest1Application in 3.211 seconds (JVM running for 4.205)
2023-07-27 14:45:51.764  INFO 6336 --- [http-nio-8080-exec-2] o.a.c.c.C.[Tomcat].[localhost].[/]       : Initializing Spring DispatcherServlet 'dispatcherServlet'
2023-07-27 14:45:51.764  INFO 6336 --- [http-nio-8080-exec-2] o.s.web.servlet.DispatcherServlet        : Initializing Servlet 'dispatcherServlet'
2023-07-27 14:45:51.765  INFO 6336 --- [http-nio-8080-exec-2] o.s.web.servlet.DispatcherServlet        : Completed initialization in 1 ms
2023-07-27 14:45:51.825  INFO 6336 --- [http-nio-8080-exec-1] c.c.s.controller.UserController          : Someone is logging to the system!!!
2023-07-27 14:45:52.287  INFO 6336 --- [http-nio-8080-exec-7] c.c.s.controller.UserController          : Someone is logging to the system!!!
2023-07-27 14:45:52.292  INFO 6336 --- [http-nio-8080-exec-6] c.c.s.controller.UserController          : Someone is logging to the system!!!
2023-07-27 14:45:52.296  INFO 6336 --- [http-nio-8080-exec-9] c.c.s.controller.UserController          : Someone is logging to the system!!!
2023-07-27 14:46:04.318  INFO 4840 --- [main] c.c.s.SpringbootTest1Application         : Starting SpringbootTest1Application using Java 1.8.0_172 on LAPTOP-OLDO6QSR with PID 4840 (D:\WorkspacesIDEA\svn\springboot-test1\target\classes started by lenovo in D:\WorkspacesIDEA\svn\springboot-test1)
2023-07-27 14:46:04.323  INFO 4840 --- [main] c.c.s.SpringbootTest1Application         : The following 1 profile is active: "dev"
2023-07-27 14:46:05.226  INFO 4840 --- [main] .s.d.r.c.RepositoryConfigurationDelegate : Multiple Spring Data modules found, entering strict repository configuration mode
2023-07-27 14:46:05.229  INFO 4840 --- [main] .s.d.r.c.RepositoryConfigurationDelegate : Bootstrapping Spring Data Redis repositories in DEFAULT mode.
2023-07-27 14:46:05.258  INFO 4840 --- [main] .s.d.r.c.RepositoryConfigurationDelegate : Finished Spring Data repository scanning in 11 ms. Found 0 Redis repository interfaces.
2023-07-27 14:46:05.927  INFO 4840 --- [main] o.s.b.w.embedded.tomcat.TomcatWebServer  : Tomcat initialized with port(s): 8080 (http)
2023-07-27 14:46:05.938  INFO 4840 --- [main] o.apache.catalina.core.StandardService   : Starting service [Tomcat]
2023-07-27 14:46:05.939  INFO 4840 --- [main] org.apache.catalina.core.StandardEngine  : Starting Servlet engine: [Apache Tomcat/9.0.75]
2023-07-27 14:46:06.120  INFO 4840 --- [main] o.a.c.c.C.[Tomcat].[localhost].[/]       : Initializing Spring embedded WebApplicationContext
2023-07-27 14:46:06.121  INFO 4840 --- [main] w.s.c.ServletWebServerApplicationContext : Root WebApplicationContext: initialization completed in 1729 ms
2023-07-27 14:46:06.706  INFO 4840 --- [main] o.s.b.a.w.s.WelcomePageHandlerMapping    : Adding welcome page template: index
2023-07-27 14:46:07.497  INFO 4840 --- [main] o.s.s.web.DefaultSecurityFilterChain     : Will secure any request with [org.springframework.security.web.session.DisableEncodeUrlFilter@625264ed, org.springframework.security.web.context.request.async.WebAsyncManagerIntegrationFilter@559fd5ec, org.springframework.security.web.context.SecurityContextPersistenceFilter@53dba9cd, org.springframework.security.web.header.HeaderWriterFilter@b1d19ff, org.springframework.security.web.authentication.logout.LogoutFilter@20027c44, org.springframework.security.web.authentication.UsernamePasswordAuthenticationFilter@2bf3ec4, org.springframework.security.web.savedrequest.RequestCacheAwareFilter@5834198f, org.springframework.security.web.servletapi.SecurityContextHolderAwareRequestFilter@7433ca19, org.springframework.security.web.authentication.rememberme.RememberMeAuthenticationFilter@2c9cafa5, org.springframework.security.web.authentication.AnonymousAuthenticationFilter@bb12f41, org.springframework.security.web.session.SessionManagementFilter@184de357, org.springframework.security.web.access.ExceptionTranslationFilter@77bb916f, org.springframework.security.web.access.intercept.AuthorizationFilter@785a4557]
2023-07-27 14:46:07.588  INFO 4840 --- [main] o.s.b.w.embedded.tomcat.TomcatWebServer  : Tomcat started on port(s): 8080 (http) with context path ''
2023-07-27 14:46:07.608  INFO 4840 --- [main] c.c.s.SpringbootTest1Application         : Started SpringbootTest1Application in 4.066 seconds (JVM running for 5.213)
2023-07-27 15:11:38.140  INFO 18264 --- [main] c.c.s.SpringbootTest1Application         : Starting SpringbootTest1Application using Java 1.8.0_172 on LAPTOP-OLDO6QSR with PID 18264 (D:\WorkspacesIDEA\svn\springboot-test1\target\classes started by lenovo in D:\WorkspacesIDEA\svn\springboot-test1)
2023-07-27 15:11:38.143  INFO 18264 --- [main] c.c.s.SpringbootTest1Application         : The following 1 profile is active: "dev"
2023-07-27 15:11:38.856  INFO 18264 --- [main] .s.d.r.c.RepositoryConfigurationDelegate : Multiple Spring Data modules found, entering strict repository configuration mode
2023-07-27 15:11:38.859  INFO 18264 --- [main] .s.d.r.c.RepositoryConfigurationDelegate : Bootstrapping Spring Data Redis repositories in DEFAULT mode.
2023-07-27 15:11:38.886  INFO 18264 --- [main] .s.d.r.c.RepositoryConfigurationDelegate : Finished Spring Data repository scanning in 10 ms. Found 0 Redis repository interfaces.
2023-07-27 15:11:39.612  INFO 18264 --- [main] o.s.b.w.embedded.tomcat.TomcatWebServer  : Tomcat initialized with port(s): 8080 (http)
2023-07-27 15:11:39.626  INFO 18264 --- [main] o.apache.catalina.core.StandardService   : Starting service [Tomcat]
2023-07-27 15:11:39.627  INFO 18264 --- [main] org.apache.catalina.core.StandardEngine  : Starting Servlet engine: [Apache Tomcat/9.0.75]
2023-07-27 15:11:39.822  INFO 18264 --- [main] o.a.c.c.C.[Tomcat].[localhost].[/]       : Initializing Spring embedded WebApplicationContext
2023-07-27 15:11:39.822  INFO 18264 --- [main] w.s.c.ServletWebServerApplicationContext : Root WebApplicationContext: initialization completed in 1629 ms
2023-07-27 15:11:40.404  INFO 18264 --- [main] o.s.b.a.w.s.WelcomePageHandlerMapping    : Adding welcome page template: index
2023-07-27 15:11:41.138  INFO 18264 --- [main] o.s.s.web.DefaultSecurityFilterChain     : Will secure any request with [org.springframework.security.web.session.DisableEncodeUrlFilter@12e007be, org.springframework.security.web.context.request.async.WebAsyncManagerIntegrationFilter@3335afcf, org.springframework.security.web.context.SecurityContextPersistenceFilter@5ab7ac02, org.springframework.security.web.header.HeaderWriterFilter@14b5752f, org.springframework.security.web.authentication.logout.LogoutFilter@6736f40f, org.springframework.security.web.authentication.UsernamePasswordAuthenticationFilter@6f0c45f4, org.springframework.security.web.savedrequest.RequestCacheAwareFilter@4fad51a3, org.springframework.security.web.servletapi.SecurityContextHolderAwareRequestFilter@1bb96449, org.springframework.security.web.authentication.rememberme.RememberMeAuthenticationFilter@faec277, org.springframework.security.web.authentication.AnonymousAuthenticationFilter@699e0bf0, org.springframework.security.web.session.SessionManagementFilter@33a47707, org.springframework.security.web.access.ExceptionTranslationFilter@3095d401, org.springframework.security.web.access.intercept.AuthorizationFilter@5df92089]
2023-07-27 15:11:41.228  INFO 18264 --- [main] o.s.b.w.embedded.tomcat.TomcatWebServer  : Tomcat started on port(s): 8080 (http) with context path ''
2023-07-27 15:11:41.248  INFO 18264 --- [main] c.c.s.SpringbootTest1Application         : Started SpringbootTest1Application in 3.684 seconds (JVM running for 4.722)
